{"meta": {"format": 3, "version": "7.11.0", "timestamp": "2025-10-26T14:27:55.388510", "branch_coverage": true, "show_contexts": false}, "files": {"src/core/__init__.py": {"executed_lines": [1], "summary": {"covered_lines": 0, "num_statements": 0, "percent_covered": 100.0, "percent_covered_display": "100.00", "missing_lines": 0, "excluded_lines": 0, "num_branches": 0, "num_partial_branches": 0, "covered_branches": 0, "missing_branches": 0}, "missing_lines": [], "excluded_lines": [], "executed_branches": [], "missing_branches": [], "functions": {"": {"executed_lines": [1], "summary": {"covered_lines": 0, "num_statements": 0, "percent_covered": 100.0, "percent_covered_display": "100.00", "missing_lines": 0, "excluded_lines": 0, "num_branches": 0, "num_partial_branches": 0, "covered_branches": 0, "missing_branches": 0}, "missing_lines": [], "excluded_lines": [], "executed_branches": [], "missing_branches": []}}, "classes": {"": {"executed_lines": [1], "summary": {"covered_lines": 0, "num_statements": 0, "percent_covered": 100.0, "percent_covered_display": "100.00", "missing_lines": 0, "excluded_lines": 0, "num_branches": 0, "num_partial_branches": 0, "covered_branches": 0, "missing_branches": 0}, "missing_lines": [], "excluded_lines": [], "executed_branches": [], "missing_branches": []}}}, "src/core/actions/__init__.py": {"executed_lines": [1, 8, 9, 10, 11, 12, 14], "summary": {"covered_lines": 6, "num_statements": 6, "percent_covered": 100.0, "percent_covered_display": "100.00", "missing_lines": 0, "excluded_lines": 0, "num_branches": 0, "num_partial_branches": 0, "covered_branches": 0, "missing_branches": 0}, "missing_lines": [], "excluded_lines": [], "executed_branches": [], "missing_branches": [], "functions": {"": {"executed_lines": [1, 8, 9, 10, 11, 12, 14], "summary": {"covered_lines": 6, "num_statements": 6, "percent_covered": 100.0, "percent_covered_display": "100.00", "missing_lines": 0, "excluded_lines": 0, "num_branches": 0, "num_partial_branches": 0, "covered_branches": 0, "missing_branches": 0}, "missing_lines": [], "excluded_lines": [], "executed_branches": [], "missing_branches": []}}, "classes": {"": {"executed_lines": [1, 8, 9, 10, 11, 12, 14], "summary": {"covered_lines": 6, "num_statements": 6, "percent_covered": 100.0, "percent_covered_display": "100.00", "missing_lines": 0, "excluded_lines": 0, "num_branches": 0, "num_partial_branches": 0, "covered_branches": 0, "missing_branches": 0}, "missing_lines": [], "excluded_lines": [], "executed_branches": [], "missing_branches": []}}}, "src/core/actions/action_factory.py": {"executed_lines": [1, 14, 15, 16, 18, 19, 20, 21, 22, 23, 24, 26, 29, 30, 31, 36, 37, 38, 41, 42, 58, 65, 66, 69, 71, 73, 84, 86, 87, 88, 89, 91, 92, 94, 95, 100, 111, 122, 123, 125, 132, 141, 144, 150, 156, 162, 172, 187, 188, 189, 191, 193, 210, 213, 215, 216, 220, 221, 223, 225, 242, 243, 246, 247, 248, 249, 252, 254, 255, 259, 260, 262, 264, 279, 280, 286, 298, 299, 301, 302, 303, 305], "summary": {"covered_lines": 79, "num_statements": 83, "percent_covered": 94.84536082474227, "percent_covered_display": "94.85", "missing_lines": 4, "excluded_lines": 0, "num_branches": 14, "num_partial_branches": 1, "covered_branches": 13, "missing_branches": 1}, "missing_lines": [102, 103, 108, 109], "excluded_lines": [], "executed_branches": [[86, 87], [86, 91], [94, 95], [94, 100], [215, 216], [215, 223], [247, 248], [247, 252], [254, 255], [254, 262], [301, 302], [301, 305], [302, 303]], "missing_branches": [[302, 301]], "functions": {"ActionFactory.__init__": {"executed_lines": [65, 66, 69, 71], "summary": {"covered_lines": 4, "num_statements": 4, "percent_covered": 100.0, "percent_covered_display": "100.00", "missing_lines": 0, "excluded_lines": 0, "num_branches": 0, "num_partial_branches": 0, "covered_branches": 0, "missing_branches": 0}, "missing_lines": [], "excluded_lines": [], "executed_branches": [], "missing_branches": []}, "ActionFactory.create": {"executed_lines": [84, 86, 87, 88, 89, 91, 92, 94, 95, 100], "summary": {"covered_lines": 10, "num_statements": 14, "percent_covered": 77.77777777777777, "percent_covered_display": "77.78", "missing_lines": 4, "excluded_lines": 0, "num_branches": 4, "num_partial_branches": 0, "covered_branches": 4, "missing_branches": 0}, "missing_lines": [102, 103, 108, 109], "excluded_lines": [], "executed_branches": [[86, 87], [86, 91], [94, 95], [94, 100]], "missing_branches": []}, "ActionFactory.register_handler": {"executed_lines": [122, 123], "summary": {"covered_lines": 2, "num_statements": 2, "percent_covered": 100.0, "percent_covered_display": "100.00", "missing_lines": 0, "excluded_lines": 0, "num_branches": 0, "num_partial_branches": 0, "covered_branches": 0, "missing_branches": 0}, "missing_lines": [], "excluded_lines": [], "executed_branches": [], "missing_branches": []}, "ActionFactory.get_available_actions": {"executed_lines": [132], "summary": {"covered_lines": 1, "num_statements": 1, "percent_covered": 100.0, "percent_covered_display": "100.00", "missing_lines": 0, "excluded_lines": 0, "num_branches": 0, "num_partial_branches": 0, "covered_branches": 0, "missing_branches": 0}, "missing_lines": [], "excluded_lines": [], "executed_branches": [], "missing_branches": []}, "ActionFactory._register_standard_actions": {"executed_lines": [144, 150, 156, 162], "summary": {"covered_lines": 4, "num_statements": 4, "percent_covered": 100.0, "percent_covered_display": "100.00", "missing_lines": 0, "excluded_lines": 0, "num_branches": 0, "num_partial_branches": 0, "covered_branches": 0, "missing_branches": 0}, "missing_lines": [], "excluded_lines": [], "executed_branches": [], "missing_branches": []}, "ActionFactory._create_move_action": {"executed_lines": [187, 188, 189, 191], "summary": {"covered_lines": 4, "num_statements": 4, "percent_covered": 100.0, "percent_covered_display": "100.00", "missing_lines": 0, "excluded_lines": 0, "num_branches": 0, "num_partial_branches": 0, "covered_branches": 0, "missing_branches": 0}, "missing_lines": [], "excluded_lines": [], "executed_branches": [], "missing_branches": []}, "ActionFactory._create_survey_action": {"executed_lines": [210, 213, 215, 216, 220, 221, 223], "summary": {"covered_lines": 7, "num_statements": 7, "percent_covered": 100.0, "percent_covered_display": "100.00", "missing_lines": 0, "excluded_lines": 0, "num_branches": 2, "num_partial_branches": 0, "covered_branches": 2, "missing_branches": 0}, "missing_lines": [], "excluded_lines": [], "executed_branches": [[215, 216], [215, 223]], "missing_branches": []}, "ActionFactory._create_mine_action": {"executed_lines": [242, 243, 246, 247, 248, 249, 252, 254, 255, 259, 260, 262], "summary": {"covered_lines": 12, "num_statements": 12, "percent_covered": 100.0, "percent_covered_display": "100.00", "missing_lines": 0, "excluded_lines": 0, "num_branches": 4, "num_partial_branches": 0, "covered_branches": 4, "missing_branches": 0}, "missing_lines": [], "excluded_lines": [], "executed_branches": [[247, 248], [247, 252], [254, 255], [254, 262]], "missing_branches": []}, "ActionFactory._create_descend_action": {"executed_lines": [279, 280], "summary": {"covered_lines": 2, "num_statements": 2, "percent_covered": 100.0, "percent_covered_display": "100.00", "missing_lines": 0, "excluded_lines": 0, "num_branches": 0, "num_partial_branches": 0, "covered_branches": 0, "missing_branches": 0}, "missing_lines": [], "excluded_lines": [], "executed_branches": [], "missing_branches": []}, "ActionFactory._find_adjacent_ore_vein": {"executed_lines": [298, 299, 301, 302, 303, 305], "summary": {"covered_lines": 6, "num_statements": 6, "percent_covered": 90.0, "percent_covered_display": "90.00", "missing_lines": 0, "excluded_lines": 0, "num_branches": 4, "num_partial_branches": 1, "covered_branches": 3, "missing_branches": 1}, "missing_lines": [], "excluded_lines": [], "executed_branches": [[301, 302], [301, 305], [302, 303]], "missing_branches": [[302, 301]]}, "": {"executed_lines": [1, 14, 15, 16, 18, 19, 20, 21, 22, 23, 24, 26, 29, 30, 31, 36, 37, 38, 41, 42, 58, 73, 111, 125, 141, 172, 193, 225, 264, 286], "summary": {"covered_lines": 27, "num_statements": 27, "percent_covered": 100.0, "percent_covered_display": "100.00", "missing_lines": 0, "excluded_lines": 0, "num_branches": 0, "num_partial_branches": 0, "covered_branches": 0, "missing_branches": 0}, "missing_lines": [], "excluded_lines": [], "executed_branches": [], "missing_branches": []}}, "classes": {"ActionHandler": {"executed_lines": [], "summary": {"covered_lines": 0, "num_statements": 0, "percent_covered": 100.0, "percent_covered_display": "100.00", "missing_lines": 0, "excluded_lines": 0, "num_branches": 0, "num_partial_branches": 0, "covered_branches": 0, "missing_branches": 0}, "missing_lines": [], "excluded_lines": [], "executed_branches": [], "missing_branches": []}, "ActionFactory": {"executed_lines": [65, 66, 69, 71, 84, 86, 87, 88, 89, 91, 92, 94, 95, 100, 122, 123, 132, 144, 150, 156, 162, 187, 188, 189, 191, 210, 213, 215, 216, 220, 221, 223, 242, 243, 246, 247, 248, 249, 252, 254, 255, 259, 260, 262, 279, 280, 298, 299, 301, 302, 303, 305], "summary": {"covered_lines": 52, "num_statements": 56, "percent_covered": 92.85714285714286, "percent_covered_display": "92.86", "missing_lines": 4, "excluded_lines": 0, "num_branches": 14, "num_partial_branches": 1, "covered_branches": 13, "missing_branches": 1}, "missing_lines": [102, 103, 108, 109], "excluded_lines": [], "executed_branches": [[86, 87], [86, 91], [94, 95], [94, 100], [215, 216], [215, 223], [247, 248], [247, 252], [254, 255], [254, 262], [301, 302], [301, 305], [302, 303]], "missing_branches": [[302, 301]]}, "": {"executed_lines": [1, 14, 15, 16, 18, 19, 20, 21, 22, 23, 24, 26, 29, 30, 31, 36, 37, 38, 41, 42, 58, 73, 111, 125, 141, 172, 193, 225, 264, 286], "summary": {"covered_lines": 27, "num_statements": 27, "percent_covered": 100.0, "percent_covered_display": "100.00", "missing_lines": 0, "excluded_lines": 0, "num_branches": 0, "num_partial_branches": 0, "covered_branches": 0, "missing_branches": 0}, "missing_lines": [], "excluded_lines": [], "executed_branches": [], "missing_branches": []}}}, "src/core/actions/attack_action.py": {"executed_lines": [1, 12, 13, 14, 15, 16, 17, 18, 20, 23, 24, 25, 27, 28, 29, 31, 34, 35, 39, 40, 44, 53, 64, 70, 72, 74, 81, 82, 85, 86, 89, 92, 93, 95, 97, 99, 100, 101, 103, 105, 119, 121, 122, 124, 126, 138, 140, 141, 144, 150, 152, 154, 156, 157, 164, 165, 168, 169, 171, 173, 183, 185, 186, 189, 190, 193, 194, 202, 203, 206, 209, 213, 214, 223, 225, 233, 234, 235, 237, 240, 241, 242, 243, 244, 247, 262, 271, 278, 279], "summary": {"covered_lines": 87, "num_statements": 106, "percent_covered": 75.71428571428571, "percent_covered_display": "75.71", "missing_lines": 19, "excluded_lines": 0, "num_branches": 34, "num_partial_branches": 15, "covered_branches": 19, "missing_branches": 15}, "missing_lines": [36, 41, 42, 45, 50, 54, 62, 75, 79, 187, 191, 204, 210, 215, 219, 226, 230, 272, 280], "excluded_lines": [], "executed_branches": [[35, 39], [40, 44], [44, 53], [53, 64], [74, 81], [92, 93], [164, 165], [168, 169], [186, 189], [190, 193], [203, -183], [209, 213], [214, 223], [225, 233], [233, 234], [233, 240], [240, 241], [240, 242], [242, 243]], "missing_branches": [[35, 36], [40, 41], [44, 45], [53, 54], [74, 75], [92, 95], [164, 168], [168, -152], [186, 187], [190, 191], [203, 204], [209, 210], [214, 215], [225, 226], [242, 247]], "functions": {"AttackAction.validate": {"executed_lines": [34, 35, 39, 40, 44, 53, 64, 70], "summary": {"covered_lines": 8, "num_statements": 15, "percent_covered": 52.17391304347826, "percent_covered_display": "52.17", "missing_lines": 7, "excluded_lines": 0, "num_branches": 8, "num_partial_branches": 4, "covered_branches": 4, "missing_branches": 4}, "missing_lines": [36, 41, 42, 45, 50, 54, 62], "excluded_lines": [], "executed_branches": [[35, 39], [40, 44], [44, 53], [53, 64]], "missing_branches": [[35, 36], [40, 41], [44, 45], [53, 54]]}, "AttackAction.execute": {"executed_lines": [74, 81, 82, 85, 86, 89, 92, 93, 95], "summary": {"covered_lines": 9, "num_statements": 11, "percent_covered": 73.33333333333333, "percent_covered_display": "73.33", "missing_lines": 2, "excluded_lines": 0, "num_branches": 4, "num_partial_branches": 2, "covered_branches": 2, "missing_branches": 2}, "missing_lines": [75, 79], "excluded_lines": [], "executed_branches": [[74, 81], [92, 93]], "missing_branches": [[74, 75], [92, 95]]}, "AttackAction._get_attacker_and_target": {"executed_lines": [99, 100, 101], "summary": {"covered_lines": 3, "num_statements": 3, "percent_covered": 100.0, "percent_covered_display": "100.00", "missing_lines": 0, "excluded_lines": 0, "num_branches": 0, "num_partial_branches": 0, "covered_branches": 0, "missing_branches": 0}, "missing_lines": [], "excluded_lines": [], "executed_branches": [], "missing_branches": []}, "AttackAction._log_attack_start": {"executed_lines": [105], "summary": {"covered_lines": 1, "num_statements": 1, "percent_covered": 100.0, "percent_covered_display": "100.00", "missing_lines": 0, "excluded_lines": 0, "num_branches": 0, "num_partial_branches": 0, "covered_branches": 0, "missing_branches": 0}, "missing_lines": [], "excluded_lines": [], "executed_branches": [], "missing_branches": []}, "AttackAction._calculate_and_apply_damage": {"executed_lines": [121, 122], "summary": {"covered_lines": 2, "num_statements": 2, "percent_covered": 100.0, "percent_covered_display": "100.00", "missing_lines": 0, "excluded_lines": 0, "num_branches": 0, "num_partial_branches": 0, "covered_branches": 0, "missing_branches": 0}, "missing_lines": [], "excluded_lines": [], "executed_branches": [], "missing_branches": []}, "AttackAction._log_damage": {"executed_lines": [126], "summary": {"covered_lines": 1, "num_statements": 1, "percent_covered": 100.0, "percent_covered_display": "100.00", "missing_lines": 0, "excluded_lines": 0, "num_branches": 0, "num_partial_branches": 0, "covered_branches": 0, "missing_branches": 0}, "missing_lines": [], "excluded_lines": [], "executed_branches": [], "missing_branches": []}, "AttackAction._build_combat_outcome": {"executed_lines": [140, 141, 144, 150], "summary": {"covered_lines": 4, "num_statements": 4, "percent_covered": 100.0, "percent_covered_display": "100.00", "missing_lines": 0, "excluded_lines": 0, "num_branches": 0, "num_partial_branches": 0, "covered_branches": 0, "missing_branches": 0}, "missing_lines": [], "excluded_lines": [], "executed_branches": [], "missing_branches": []}, "AttackAction._handle_target_death": {"executed_lines": [154, 156, 157, 164, 165, 168, 169], "summary": {"covered_lines": 7, "num_statements": 7, "percent_covered": 81.81818181818181, "percent_covered_display": "81.82", "missing_lines": 0, "excluded_lines": 0, "num_branches": 4, "num_partial_branches": 2, "covered_branches": 2, "missing_branches": 2}, "missing_lines": [], "excluded_lines": [], "executed_branches": [[164, 165], [168, 169]], "missing_branches": [[164, 168], [168, -152]]}, "AttackAction._log_target_death": {"executed_lines": [173], "summary": {"covered_lines": 1, "num_statements": 1, "percent_covered": 100.0, "percent_covered_display": "100.00", "missing_lines": 0, "excluded_lines": 0, "num_branches": 0, "num_partial_branches": 0, "covered_branches": 0, "missing_branches": 0}, "missing_lines": [], "excluded_lines": [], "executed_branches": [], "missing_branches": []}, "AttackAction._award_xp": {"executed_lines": [185, 186, 189, 190, 193, 194, 202, 203], "summary": {"covered_lines": 8, "num_statements": 11, "percent_covered": 64.70588235294117, "percent_covered_display": "64.71", "missing_lines": 3, "excluded_lines": 0, "num_branches": 6, "num_partial_branches": 3, "covered_branches": 3, "missing_branches": 3}, "missing_lines": [187, 191, 204], "excluded_lines": [], "executed_branches": [[186, 189], [190, 193], [203, -183]], "missing_branches": [[186, 187], [190, 191], [203, 204]]}, "AttackAction._generate_loot_drops": {"executed_lines": [209, 213, 214, 223, 225, 233, 234, 235, 237, 240, 241, 242, 243, 244, 247, 262], "summary": {"covered_lines": 16, "num_statements": 21, "percent_covered": 72.72727272727273, "percent_covered_display": "72.73", "missing_lines": 5, "excluded_lines": 0, "num_branches": 12, "num_partial_branches": 4, "covered_branches": 8, "missing_branches": 4}, "missing_lines": [210, 215, 219, 226, 230], "excluded_lines": [], "executed_branches": [[209, 213], [214, 223], [225, 233], [233, 234], [233, 240], [240, 241], [240, 242], [242, 243]], "missing_branches": [[209, 210], [214, 215], [225, 226], [242, 247]]}, "AttackAction.to_dict": {"executed_lines": [], "summary": {"covered_lines": 0, "num_statements": 1, "percent_covered": 0.0, "percent_covered_display": "0.00", "missing_lines": 1, "excluded_lines": 0, "num_branches": 0, "num_partial_branches": 0, "covered_branches": 0, "missing_branches": 0}, "missing_lines": [272], "excluded_lines": [], "executed_branches": [], "missing_branches": []}, "AttackAction.from_dict": {"executed_lines": [], "summary": {"covered_lines": 0, "num_statements": 1, "percent_covered": 0.0, "percent_covered_display": "0.00", "missing_lines": 1, "excluded_lines": 0, "num_branches": 0, "num_partial_branches": 0, "covered_branches": 0, "missing_branches": 0}, "missing_lines": [280], "excluded_lines": [], "executed_branches": [], "missing_branches": []}, "": {"executed_lines": [1, 12, 13, 14, 15, 16, 17, 18, 20, 23, 24, 25, 27, 28, 29, 31, 72, 97, 103, 119, 124, 138, 152, 171, 183, 206, 271, 278, 279], "summary": {"covered_lines": 27, "num_statements": 27, "percent_covered": 100.0, "percent_covered_display": "100.00", "missing_lines": 0, "excluded_lines": 0, "num_branches": 0, "num_partial_branches": 0, "covered_branches": 0, "missing_branches": 0}, "missing_lines": [], "excluded_lines": [], "executed_branches": [], "missing_branches": []}}, "classes": {"AttackAction": {"executed_lines": [34, 35, 39, 40, 44, 53, 64, 70, 74, 81, 82, 85, 86, 89, 92, 93, 95, 99, 100, 101, 105, 121, 122, 126, 140, 141, 144, 150, 154, 156, 157, 164, 165, 168, 169, 173, 185, 186, 189, 190, 193, 194, 202, 203, 209, 213, 214, 223, 225, 233, 234, 235, 237, 240, 241, 242, 243, 244, 247, 262], "summary": {"covered_lines": 60, "num_statements": 79, "percent_covered": 69.91150442477876, "percent_covered_display": "69.91", "missing_lines": 19, "excluded_lines": 0, "num_branches": 34, "num_partial_branches": 15, "covered_branches": 19, "missing_branches": 15}, "missing_lines": [36, 41, 42, 45, 50, 54, 62, 75, 79, 187, 191, 204, 210, 215, 219, 226, 230, 272, 280], "excluded_lines": [], "executed_branches": [[35, 39], [40, 44], [44, 53], [53, 64], [74, 81], [92, 93], [164, 165], [168, 169], [186, 189], [190, 193], [203, -183], [209, 213], [214, 223], [225, 233], [233, 234], [233, 240], [240, 241], [240, 242], [242, 243]], "missing_branches": [[35, 36], [40, 41], [44, 45], [53, 54], [74, 75], [92, 95], [164, 168], [168, -152], [186, 187], [190, 191], [203, 204], [209, 210], [214, 215], [225, 226], [242, 247]]}, "": {"executed_lines": [1, 12, 13, 14, 15, 16, 17, 18, 20, 23, 24, 25, 27, 28, 29, 31, 72, 97, 103, 119, 124, 138, 152, 171, 183, 206, 271, 278, 279], "summary": {"covered_lines": 27, "num_statements": 27, "percent_covered": 100.0, "percent_covered_display": "100.00", "missing_lines": 0, "excluded_lines": 0, "num_branches": 0, "num_partial_branches": 0, "covered_branches": 0, "missing_branches": 0}, "missing_lines": [], "excluded_lines": [], "executed_branches": [], "missing_branches": []}}}, "src/core/actions/descend_action.py": {"executed_lines": [1, 10, 11, 12, 13, 14, 16, 19, 20, 21, 23, 25, 28, 29, 30, 33, 34, 35, 41, 43, 48, 50, 53, 54, 55, 57, 64, 65, 73, 76, 78, 90, 96, 102, 104, 110, 111], "summary": {"covered_lines": 34, "num_statements": 38, "percent_covered": 87.5, "percent_covered_display": "87.50", "missing_lines": 4, "excluded_lines": 1, "num_branches": 10, "num_partial_branches": 2, "covered_branches": 8, "missing_branches": 2}, "missing_lines": [58, 62, 105, 112], "excluded_lines": [90], "executed_branches": [[29, 30], [29, 33], [34, 35], [34, 43], [54, 55], [57, 64], [64, 65], [64, 76]], "missing_branches": [[54, 57], [57, 58]], "functions": {"DescendAction.validate": {"executed_lines": [28, 29, 30, 33, 34, 35, 41, 43, 48], "summary": {"covered_lines": 9, "num_statements": 9, "percent_covered": 100.0, "percent_covered_display": "100.00", "missing_lines": 0, "excluded_lines": 0, "num_branches": 4, "num_partial_branches": 0, "covered_branches": 4, "missing_branches": 0}, "missing_lines": [], "excluded_lines": [], "executed_branches": [[29, 30], [29, 33], [34, 35], [34, 43]], "missing_branches": []}, "DescendAction.execute": {"executed_lines": [53, 54, 55, 57, 64, 65, 73, 76, 78, 90, 96, 102], "summary": {"covered_lines": 11, "num_statements": 13, "percent_covered": 78.94736842105263, "percent_covered_display": "78.95", "missing_lines": 2, "excluded_lines": 1, "num_branches": 6, "num_partial_branches": 2, "covered_branches": 4, "missing_branches": 2}, "missing_lines": [58, 62], "excluded_lines": [90], "executed_branches": [[54, 55], [57, 64], [64, 65], [64, 76]], "missing_branches": [[54, 57], [57, 58]]}, "DescendAction.to_dict": {"executed_lines": [], "summary": {"covered_lines": 0, "num_statements": 1, "percent_covered": 0.0, "percent_covered_display": "0.00", "missing_lines": 1, "excluded_lines": 0, "num_branches": 0, "num_partial_branches": 0, "covered_branches": 0, "missing_branches": 0}, "missing_lines": [105], "excluded_lines": [], "executed_branches": [], "missing_branches": []}, "DescendAction.from_dict": {"executed_lines": [], "summary": {"covered_lines": 0, "num_statements": 1, "percent_covered": 0.0, "percent_covered_display": "0.00", "missing_lines": 1, "excluded_lines": 0, "num_branches": 0, "num_partial_branches": 0, "covered_branches": 0, "missing_branches": 0}, "missing_lines": [112], "excluded_lines": [], "executed_branches": [], "missing_branches": []}, "": {"executed_lines": [1, 10, 11, 12, 13, 14, 16, 19, 20, 21, 23, 25, 50, 104, 110, 111], "summary": {"covered_lines": 14, "num_statements": 14, "percent_covered": 100.0, "percent_covered_display": "100.00", "missing_lines": 0, "excluded_lines": 0, "num_branches": 0, "num_partial_branches": 0, "covered_branches": 0, "missing_branches": 0}, "missing_lines": [], "excluded_lines": [], "executed_branches": [], "missing_branches": []}}, "classes": {"DescendAction": {"executed_lines": [28, 29, 30, 33, 34, 35, 41, 43, 48, 53, 54, 55, 57, 64, 65, 73, 76, 78, 90, 96, 102], "summary": {"covered_lines": 20, "num_statements": 24, "percent_covered": 82.3529411764706, "percent_covered_display": "82.35", "missing_lines": 4, "excluded_lines": 1, "num_branches": 10, "num_partial_branches": 2, "covered_branches": 8, "missing_branches": 2}, "missing_lines": [58, 62, 105, 112], "excluded_lines": [90], "executed_branches": [[29, 30], [29, 33], [34, 35], [34, 43], [54, 55], [57, 64], [64, 65], [64, 76]], "missing_branches": [[54, 57], [57, 58]]}, "": {"executed_lines": [1, 10, 11, 12, 13, 14, 16, 19, 20, 21, 23, 25, 50, 104, 110, 111], "summary": {"covered_lines": 14, "num_statements": 14, "percent_covered": 100.0, "percent_covered_display": "100.00", "missing_lines": 0, "excluded_lines": 0, "num_branches": 0, "num_partial_branches": 0, "covered_branches": 0, "missing_branches": 0}, "missing_lines": [], "excluded_lines": [], "executed_branches": [], "missing_branches": []}}}, "src/core/actions/mine_action.py": {"executed_lines": [1, 12, 13, 14, 15, 16, 18, 21, 22, 23, 25, 26, 27, 29, 72, 98, 103, 119, 131, 159, 186, 198, 209, 224, 243, 251, 252, 253], "summary": {"covered_lines": 26, "num_statements": 91, "percent_covered": 23.423423423423422, "percent_covered_display": "23.42", "missing_lines": 65, "excluded_lines": 1, "num_branches": 20, "num_partial_branches": 0, "covered_branches": 0, "missing_branches": 20}, "missing_lines": [32, 33, 34, 37, 38, 39, 40, 43, 44, 49, 52, 53, 61, 63, 70, 74, 75, 79, 81, 82, 85, 86, 89, 90, 93, 94, 96, 100, 101, 105, 106, 108, 121, 133, 144, 148, 150, 157, 161, 171, 172, 175, 176, 177, 178, 179, 182, 184, 188, 189, 190, 192, 193, 194, 196, 200, 211, 219, 220, 221, 222, 226, 228, 236, 244], "excluded_lines": [145], "executed_branches": [], "missing_branches": [[33, 34], [33, 37], [38, 39], [38, 43], [43, 44], [43, 52], [52, 53], [52, 63], [74, 75], [74, 81], [85, 86], [85, 89], [93, 94], [93, 96], [176, 177], [176, 182], [189, 190], [189, 192], [192, 193], [192, 196]], "functions": {"MineAction.validate": {"executed_lines": [], "summary": {"covered_lines": 0, "num_statements": 15, "percent_covered": 0.0, "percent_covered_display": "0.00", "missing_lines": 15, "excluded_lines": 0, "num_branches": 8, "num_partial_branches": 0, "covered_branches": 0, "missing_branches": 8}, "missing_lines": [32, 33, 34, 37, 38, 39, 40, 43, 44, 49, 52, 53, 61, 63, 70], "excluded_lines": [], "executed_branches": [], "missing_branches": [[33, 34], [33, 37], [38, 39], [38, 43], [43, 44], [43, 52], [52, 53], [52, 63]]}, "MineAction.execute": {"executed_lines": [], "summary": {"covered_lines": 0, "num_statements": 12, "percent_covered": 0.0, "percent_covered_display": "0.00", "missing_lines": 12, "excluded_lines": 0, "num_branches": 6, "num_partial_branches": 0, "covered_branches": 0, "missing_branches": 6}, "missing_lines": [74, 75, 79, 81, 82, 85, 86, 89, 90, 93, 94, 96], "excluded_lines": [], "executed_branches": [], "missing_branches": [[74, 75], [74, 81], [85, 86], [85, 89], [93, 94], [93, 96]]}, "MineAction._get_actor": {"executed_lines": [], "summary": {"covered_lines": 0, "num_statements": 2, "percent_covered": 0.0, "percent_covered_display": "0.00", "missing_lines": 2, "excluded_lines": 0, "num_branches": 0, "num_partial_branches": 0, "covered_branches": 0, "missing_branches": 0}, "missing_lines": [100, 101], "excluded_lines": [], "executed_branches": [], "missing_branches": []}, "MineAction._initialize_mining": {"executed_lines": [], "summary": {"covered_lines": 0, "num_statements": 3, "percent_covered": 0.0, "percent_covered_display": "0.00", "missing_lines": 3, "excluded_lines": 0, "num_branches": 0, "num_partial_branches": 0, "covered_branches": 0, "missing_branches": 0}, "missing_lines": [105, 106, 108], "excluded_lines": [], "executed_branches": [], "missing_branches": []}, "MineAction._log_mining_progress": {"executed_lines": [], "summary": {"covered_lines": 0, "num_statements": 1, "percent_covered": 0.0, "percent_covered_display": "0.00", "missing_lines": 1, "excluded_lines": 0, "num_branches": 0, "num_partial_branches": 0, "covered_branches": 0, "missing_branches": 0}, "missing_lines": [121], "excluded_lines": [], "executed_branches": [], "missing_branches": []}, "MineAction._handle_mining_progress": {"executed_lines": [], "summary": {"covered_lines": 0, "num_statements": 5, "percent_covered": 0.0, "percent_covered_display": "0.00", "missing_lines": 5, "excluded_lines": 1, "num_branches": 0, "num_partial_branches": 0, "covered_branches": 0, "missing_branches": 0}, "missing_lines": [133, 144, 148, 150, 157], "excluded_lines": [145], "executed_branches": [], "missing_branches": []}, "MineAction._handle_mining_completion": {"executed_lines": [], "summary": {"covered_lines": 0, "num_statements": 10, "percent_covered": 0.0, "percent_covered_display": "0.00", "missing_lines": 10, "excluded_lines": 0, "num_branches": 2, "num_partial_branches": 0, "covered_branches": 0, "missing_branches": 2}, "missing_lines": [161, 171, 172, 175, 176, 177, 178, 179, 182, 184], "excluded_lines": [], "executed_branches": [], "missing_branches": [[176, 177], [176, 182]]}, "MineAction._handle_ore_item": {"executed_lines": [], "summary": {"covered_lines": 0, "num_statements": 7, "percent_covered": 0.0, "percent_covered_display": "0.00", "missing_lines": 7, "excluded_lines": 0, "num_branches": 4, "num_partial_branches": 0, "covered_branches": 0, "missing_branches": 4}, "missing_lines": [188, 189, 190, 192, 193, 194, 196], "excluded_lines": [], "executed_branches": [], "missing_branches": [[189, 190], [189, 192], [192, 193], [192, 196]]}, "MineAction._log_inventory_add": {"executed_lines": [], "summary": {"covered_lines": 0, "num_statements": 1, "percent_covered": 0.0, "percent_covered_display": "0.00", "missing_lines": 1, "excluded_lines": 0, "num_branches": 0, "num_partial_branches": 0, "covered_branches": 0, "missing_branches": 0}, "missing_lines": [200], "excluded_lines": [], "executed_branches": [], "missing_branches": []}, "MineAction._drop_ore_on_ground": {"executed_lines": [], "summary": {"covered_lines": 0, "num_statements": 5, "percent_covered": 0.0, "percent_covered_display": "0.00", "missing_lines": 5, "excluded_lines": 0, "num_branches": 0, "num_partial_branches": 0, "covered_branches": 0, "missing_branches": 0}, "missing_lines": [211, 219, 220, 221, 222], "excluded_lines": [], "executed_branches": [], "missing_branches": []}, "MineAction._remove_ore_vein": {"executed_lines": [], "summary": {"covered_lines": 0, "num_statements": 3, "percent_covered": 0.0, "percent_covered_display": "0.00", "missing_lines": 3, "excluded_lines": 0, "num_branches": 0, "num_partial_branches": 0, "covered_branches": 0, "missing_branches": 0}, "missing_lines": [226, 228, 236], "excluded_lines": [], "executed_branches": [], "missing_branches": []}, "MineAction.to_dict": {"executed_lines": [], "summary": {"covered_lines": 0, "num_statements": 1, "percent_covered": 0.0, "percent_covered_display": "0.00", "missing_lines": 1, "excluded_lines": 0, "num_branches": 0, "num_partial_branches": 0, "covered_branches": 0, "missing_branches": 0}, "missing_lines": [244], "excluded_lines": [], "executed_branches": [], "missing_branches": []}, "MineAction.from_dict": {"executed_lines": [253], "summary": {"covered_lines": 1, "num_statements": 1, "percent_covered": 100.0, "percent_covered_display": "100.00", "missing_lines": 0, "excluded_lines": 0, "num_branches": 0, "num_partial_branches": 0, "covered_branches": 0, "missing_branches": 0}, "missing_lines": [], "excluded_lines": [], "executed_branches": [], "missing_branches": []}, "": {"executed_lines": [1, 12, 13, 14, 15, 16, 18, 21, 22, 23, 25, 26, 27, 29, 72, 98, 103, 119, 131, 159, 186, 198, 209, 224, 243, 251, 252], "summary": {"covered_lines": 25, "num_statements": 25, "percent_covered": 100.0, "percent_covered_display": "100.00", "missing_lines": 0, "excluded_lines": 0, "num_branches": 0, "num_partial_branches": 0, "covered_branches": 0, "missing_branches": 0}, "missing_lines": [], "excluded_lines": [], "executed_branches": [], "missing_branches": []}}, "classes": {"MineAction": {"executed_lines": [253], "summary": {"covered_lines": 1, "num_statements": 66, "percent_covered": 1.1627906976744187, "percent_covered_display": "1.16", "missing_lines": 65, "excluded_lines": 1, "num_branches": 20, "num_partial_branches": 0, "covered_branches": 0, "missing_branches": 20}, "missing_lines": [32, 33, 34, 37, 38, 39, 40, 43, 44, 49, 52, 53, 61, 63, 70, 74, 75, 79, 81, 82, 85, 86, 89, 90, 93, 94, 96, 100, 101, 105, 106, 108, 121, 133, 144, 148, 150, 157, 161, 171, 172, 175, 176, 177, 178, 179, 182, 184, 188, 189, 190, 192, 193, 194, 196, 200, 211, 219, 220, 221, 222, 226, 228, 236, 244], "excluded_lines": [145], "executed_branches": [], "missing_branches": [[33, 34], [33, 37], [38, 39], [38, 43], [43, 44], [43, 52], [52, 53], [52, 63], [74, 75], [74, 81], [85, 86], [85, 89], [93, 94], [93, 96], [176, 177], [176, 182], [189, 190], [189, 192], [192, 193], [192, 196]]}, "": {"executed_lines": [1, 12, 13, 14, 15, 16, 18, 21, 22, 23, 25, 26, 27, 29, 72, 98, 103, 119, 131, 159, 186, 198, 209, 224, 243, 251, 252], "summary": {"covered_lines": 25, "num_statements": 25, "percent_covered": 100.0, "percent_covered_display": "100.00", "missing_lines": 0, "excluded_lines": 0, "num_branches": 0, "num_partial_branches": 0, "covered_branches": 0, "missing_branches": 0}, "missing_lines": [], "excluded_lines": [], "executed_branches": [], "missing_branches": []}}}, "src/core/actions/move_action.py": {"executed_lines": [1, 10, 11, 12, 13, 15, 18, 19, 20, 22, 23, 24, 26, 72, 161, 169, 170], "summary": {"covered_lines": 15, "num_statements": 61, "percent_covered": 18.51851851851852, "percent_covered_display": "18.52", "missing_lines": 46, "excluded_lines": 0, "num_branches": 20, "num_partial_branches": 0, "covered_branches": 0, "missing_branches": 20}, "missing_lines": [29, 30, 31, 33, 34, 37, 38, 46, 49, 50, 51, 52, 53, 62, 64, 70, 75, 76, 77, 79, 80, 84, 86, 87, 90, 91, 93, 95, 96, 98, 108, 109, 110, 113, 121, 125, 126, 135, 137, 138, 140, 151, 152, 159, 162, 171], "excluded_lines": [], "executed_branches": [], "missing_branches": [[30, 31], [30, 33], [37, 38], [37, 49], [49, 50], [49, 64], [51, 52], [51, 64], [76, 77], [76, 79], [79, 80], [79, 86], [91, 93], [91, 125], [93, 95], [93, 125], [96, 98], [96, 113], [125, 126], [125, 137]], "functions": {"MoveAction.validate": {"executed_lines": [], "summary": {"covered_lines": 0, "num_statements": 16, "percent_covered": 0.0, "percent_covered_display": "0.00", "missing_lines": 16, "excluded_lines": 0, "num_branches": 8, "num_partial_branches": 0, "covered_branches": 0, "missing_branches": 8}, "missing_lines": [29, 30, 31, 33, 34, 37, 38, 46, 49, 50, 51, 52, 53, 62, 64, 70], "excluded_lines": [], "executed_branches": [], "missing_branches": [[30, 31], [30, 33], [37, 38], [37, 49], [49, 50], [49, 64], [51, 52], [51, 64]]}, "MoveAction.execute": {"executed_lines": [], "summary": {"covered_lines": 0, "num_statements": 28, "percent_covered": 0.0, "percent_covered_display": "0.00", "missing_lines": 28, "excluded_lines": 0, "num_branches": 12, "num_partial_branches": 0, "covered_branches": 0, "missing_branches": 12}, "missing_lines": [75, 76, 77, 79, 80, 84, 86, 87, 90, 91, 93, 95, 96, 98, 108, 109, 110, 113, 121, 125, 126, 135, 137, 138, 140, 151, 152, 159], "excluded_lines": [], "executed_branches": [], "missing_branches": [[76, 77], [76, 79], [79, 80], [79, 86], [91, 93], [91, 125], [93, 95], [93, 125], [96, 98], [96, 113], [125, 126], [125, 137]]}, "MoveAction.to_dict": {"executed_lines": [], "summary": {"covered_lines": 0, "num_statements": 1, "percent_covered": 0.0, "percent_covered_display": "0.00", "missing_lines": 1, "excluded_lines": 0, "num_branches": 0, "num_partial_branches": 0, "covered_branches": 0, "missing_branches": 0}, "missing_lines": [162], "excluded_lines": [], "executed_branches": [], "missing_branches": []}, "MoveAction.from_dict": {"executed_lines": [], "summary": {"covered_lines": 0, "num_statements": 1, "percent_covered": 0.0, "percent_covered_display": "0.00", "missing_lines": 1, "excluded_lines": 0, "num_branches": 0, "num_partial_branches": 0, "covered_branches": 0, "missing_branches": 0}, "missing_lines": [171], "excluded_lines": [], "executed_branches": [], "missing_branches": []}, "": {"executed_lines": [1, 10, 11, 12, 13, 15, 18, 19, 20, 22, 23, 24, 26, 72, 161, 169, 170], "summary": {"covered_lines": 15, "num_statements": 15, "percent_covered": 100.0, "percent_covered_display": "100.00", "missing_lines": 0, "excluded_lines": 0, "num_branches": 0, "num_partial_branches": 0, "covered_branches": 0, "missing_branches": 0}, "missing_lines": [], "excluded_lines": [], "executed_branches": [], "missing_branches": []}}, "classes": {"MoveAction": {"executed_lines": [], "summary": {"covered_lines": 0, "num_statements": 46, "percent_covered": 0.0, "percent_covered_display": "0.00", "missing_lines": 46, "excluded_lines": 0, "num_branches": 20, "num_partial_branches": 0, "covered_branches": 0, "missing_branches": 20}, "missing_lines": [29, 30, 31, 33, 34, 37, 38, 46, 49, 50, 51, 52, 53, 62, 64, 70, 75, 76, 77, 79, 80, 84, 86, 87, 90, 91, 93, 95, 96, 98, 108, 109, 110, 113, 121, 125, 126, 135, 137, 138, 140, 151, 152, 159, 162, 171], "excluded_lines": [], "executed_branches": [], "missing_branches": [[30, 31], [30, 33], [37, 38], [37, 49], [49, 50], [49, 64], [51, 52], [51, 64], [76, 77], [76, 79], [79, 80], [79, 86], [91, 93], [91, 125], [93, 95], [93, 125], [96, 98], [96, 113], [125, 126], [125, 137]]}, "": {"executed_lines": [1, 10, 11, 12, 13, 15, 18, 19, 20, 22, 23, 24, 26, 72, 161, 169, 170], "summary": {"covered_lines": 15, "num_statements": 15, "percent_covered": 100.0, "percent_covered_display": "100.00", "missing_lines": 0, "excluded_lines": 0, "num_branches": 0, "num_partial_branches": 0, "covered_branches": 0, "missing_branches": 0}, "missing_lines": [], "excluded_lines": [], "executed_branches": [], "missing_branches": []}}}, "src/core/actions/survey_action.py": {"executed_lines": [1, 11, 12, 13, 14, 15, 17, 20, 21, 22, 24, 25, 27, 30, 31, 35, 36, 41, 50, 61, 67, 69, 71, 79, 80, 83, 85, 96, 99, 108, 119, 120, 121, 125, 129, 130, 133, 140, 142, 149, 150], "summary": {"covered_lines": 39, "num_statements": 51, "percent_covered": 71.42857142857143, "percent_covered_display": "71.43", "missing_lines": 12, "excluded_lines": 0, "num_branches": 12, "num_partial_branches": 6, "covered_branches": 6, "missing_branches": 6}, "missing_lines": [32, 37, 38, 42, 47, 51, 59, 72, 76, 81, 143, 151], "excluded_lines": [], "executed_branches": [[31, 35], [36, 41], [41, 50], [50, 61], [71, 79], [80, 83]], "missing_branches": [[31, 32], [36, 37], [41, 42], [50, 51], [71, 72], [80, 81]], "functions": {"SurveyAction.validate": {"executed_lines": [30, 31, 35, 36, 41, 50, 61, 67], "summary": {"covered_lines": 8, "num_statements": 15, "percent_covered": 52.17391304347826, "percent_covered_display": "52.17", "missing_lines": 7, "excluded_lines": 0, "num_branches": 8, "num_partial_branches": 4, "covered_branches": 4, "missing_branches": 4}, "missing_lines": [32, 37, 38, 42, 47, 51, 59], "excluded_lines": [], "executed_branches": [[31, 35], [36, 41], [41, 50], [50, 61]], "missing_branches": [[31, 32], [36, 37], [41, 42], [50, 51]]}, "SurveyAction.execute": {"executed_lines": [71, 79, 80, 83, 85, 96, 99, 108, 119, 120, 121, 125, 129, 130, 133, 140], "summary": {"covered_lines": 16, "num_statements": 19, "percent_covered": 78.26086956521739, "percent_covered_display": "78.26", "missing_lines": 3, "excluded_lines": 0, "num_branches": 4, "num_partial_branches": 2, "covered_branches": 2, "missing_branches": 2}, "missing_lines": [72, 76, 81], "excluded_lines": [], "executed_branches": [[71, 79], [80, 83]], "missing_branches": [[71, 72], [80, 81]]}, "SurveyAction.to_dict": {"executed_lines": [], "summary": {"covered_lines": 0, "num_statements": 1, "percent_covered": 0.0, "percent_covered_display": "0.00", "missing_lines": 1, "excluded_lines": 0, "num_branches": 0, "num_partial_branches": 0, "covered_branches": 0, "missing_branches": 0}, "missing_lines": [143], "excluded_lines": [], "executed_branches": [], "missing_branches": []}, "SurveyAction.from_dict": {"executed_lines": [], "summary": {"covered_lines": 0, "num_statements": 1, "percent_covered": 0.0, "percent_covered_display": "0.00", "missing_lines": 1, "excluded_lines": 0, "num_branches": 0, "num_partial_branches": 0, "covered_branches": 0, "missing_branches": 0}, "missing_lines": [151], "excluded_lines": [], "executed_branches": [], "missing_branches": []}, "": {"executed_lines": [1, 11, 12, 13, 14, 15, 17, 20, 21, 22, 24, 25, 27, 69, 142, 149, 150], "summary": {"covered_lines": 15, "num_statements": 15, "percent_covered": 100.0, "percent_covered_display": "100.00", "missing_lines": 0, "excluded_lines": 0, "num_branches": 0, "num_partial_branches": 0, "covered_branches": 0, "missing_branches": 0}, "missing_lines": [], "excluded_lines": [], "executed_branches": [], "missing_branches": []}}, "classes": {"SurveyAction": {"executed_lines": [30, 31, 35, 36, 41, 50, 61, 67, 71, 79, 80, 83, 85, 96, 99, 108, 119, 120, 121, 125, 129, 130, 133, 140], "summary": {"covered_lines": 24, "num_statements": 36, "percent_covered": 62.5, "percent_covered_display": "62.50", "missing_lines": 12, "excluded_lines": 0, "num_branches": 12, "num_partial_branches": 6, "covered_branches": 6, "missing_branches": 6}, "missing_lines": [32, 37, 38, 42, 47, 51, 59, 72, 76, 81, 143, 151], "excluded_lines": [], "executed_branches": [[31, 35], [36, 41], [41, 50], [50, 61], [71, 79], [80, 83]], "missing_branches": [[31, 32], [36, 37], [41, 42], [50, 51], [71, 72], [80, 81]]}, "": {"executed_lines": [1, 11, 12, 13, 14, 15, 17, 20, 21, 22, 24, 25, 27, 69, 142, 149, 150], "summary": {"covered_lines": 15, "num_statements": 15, "percent_covered": 100.0, "percent_covered_display": "100.00", "missing_lines": 0, "excluded_lines": 0, "num_branches": 0, "num_partial_branches": 0, "covered_branches": 0, "missing_branches": 0}, "missing_lines": [], "excluded_lines": [], "executed_branches": [], "missing_branches": []}}}, "src/core/base/__init__.py": {"executed_lines": [1, 11, 12, 13, 14, 16], "summary": {"covered_lines": 5, "num_statements": 5, "percent_covered": 100.0, "percent_covered_display": "100.00", "missing_lines": 0, "excluded_lines": 0, "num_branches": 0, "num_partial_branches": 0, "covered_branches": 0, "missing_branches": 0}, "missing_lines": [], "excluded_lines": [], "executed_branches": [], "missing_branches": [], "functions": {"": {"executed_lines": [1, 11, 12, 13, 14, 16], "summary": {"covered_lines": 5, "num_statements": 5, "percent_covered": 100.0, "percent_covered_display": "100.00", "missing_lines": 0, "excluded_lines": 0, "num_branches": 0, "num_partial_branches": 0, "covered_branches": 0, "missing_branches": 0}, "missing_lines": [], "excluded_lines": [], "executed_branches": [], "missing_branches": []}}, "classes": {"": {"executed_lines": [1, 11, 12, 13, 14, 16], "summary": {"covered_lines": 5, "num_statements": 5, "percent_covered": 100.0, "percent_covered_display": "100.00", "missing_lines": 0, "excluded_lines": 0, "num_branches": 0, "num_partial_branches": 0, "covered_branches": 0, "missing_branches": 0}, "missing_lines": [], "excluded_lines": [], "executed_branches": [], "missing_branches": []}}}, "src/core/base/action.py": {"executed_lines": [1, 11, 12, 13, 14, 15, 17, 21, 24, 25, 26, 27, 28, 29, 32, 33, 34, 40, 41, 42, 43, 45, 46, 50, 51, 53, 60, 61, 63, 71, 72, 83, 90, 91, 100, 101, 110, 111, 115, 116, 117, 121, 123, 132, 149, 150, 151, 153, 157, 158, 159, 161, 163, 171, 172, 177, 185, 186], "summary": {"covered_lines": 44, "num_statements": 48, "percent_covered": 90.74074074074075, "percent_covered_display": "90.74", "missing_lines": 4, "excluded_lines": 31, "num_branches": 6, "num_partial_branches": 1, "covered_branches": 5, "missing_branches": 1}, "missing_lines": [48, 88, 154, 155], "excluded_lines": [17, 18, 19, 90, 91, 92, 93, 94, 95, 96, 97, 98, 100, 101, 102, 103, 104, 105, 106, 107, 108, 110, 111, 112, 113, 115, 116, 117, 118, 119, 133], "executed_branches": [[150, 151], [150, 153], [153, 157], [157, 158], [157, 161]], "missing_branches": [[153, 154]], "functions": {"ActionOutcome.is_success": {"executed_lines": [], "summary": {"covered_lines": 0, "num_statements": 1, "percent_covered": 0.0, "percent_covered_display": "0.00", "missing_lines": 1, "excluded_lines": 0, "num_branches": 0, "num_partial_branches": 0, "covered_branches": 0, "missing_branches": 0}, "missing_lines": [48], "excluded_lines": [], "executed_branches": [], "missing_branches": []}, "ActionOutcome.success": {"executed_lines": [53], "summary": {"covered_lines": 1, "num_statements": 1, "percent_covered": 100.0, "percent_covered_display": "100.00", "missing_lines": 0, "excluded_lines": 0, "num_branches": 0, "num_partial_branches": 0, "covered_branches": 0, "missing_branches": 0}, "missing_lines": [], "excluded_lines": [], "executed_branches": [], "missing_branches": []}, "ActionOutcome.failure": {"executed_lines": [63], "summary": {"covered_lines": 1, "num_statements": 1, "percent_covered": 100.0, "percent_covered_display": "100.00", "missing_lines": 0, "excluded_lines": 0, "num_branches": 0, "num_partial_branches": 0, "covered_branches": 0, "missing_branches": 0}, "missing_lines": [], "excluded_lines": [], "executed_branches": [], "missing_branches": []}, "Action.__init__": {"executed_lines": [], "summary": {"covered_lines": 0, "num_statements": 1, "percent_covered": 0.0, "percent_covered_display": "0.00", "missing_lines": 1, "excluded_lines": 0, "num_branches": 0, "num_partial_branches": 0, "covered_branches": 0, "missing_branches": 0}, "missing_lines": [88], "excluded_lines": [], "executed_branches": [], "missing_branches": []}, "Action.validate": {"executed_lines": [], "summary": {"covered_lines": 0, "num_statements": 0, "percent_covered": 100.0, "percent_covered_display": "100.00", "missing_lines": 0, "excluded_lines": 7, "num_branches": 0, "num_partial_branches": 0, "covered_branches": 0, "missing_branches": 0}, "missing_lines": [], "excluded_lines": [92, 93, 94, 95, 96, 97, 98], "executed_branches": [], "missing_branches": []}, "Action.execute": {"executed_lines": [], "summary": {"covered_lines": 0, "num_statements": 0, "percent_covered": 100.0, "percent_covered_display": "100.00", "missing_lines": 0, "excluded_lines": 7, "num_branches": 0, "num_partial_branches": 0, "covered_branches": 0, "missing_branches": 0}, "missing_lines": [], "excluded_lines": [102, 103, 104, 105, 106, 107, 108], "executed_branches": [], "missing_branches": []}, "Action.to_dict": {"executed_lines": [], "summary": {"covered_lines": 0, "num_statements": 0, "percent_covered": 100.0, "percent_covered_display": "100.00", "missing_lines": 0, "excluded_lines": 2, "num_branches": 0, "num_partial_branches": 0, "covered_branches": 0, "missing_branches": 0}, "missing_lines": [], "excluded_lines": [112, 113], "executed_branches": [], "missing_branches": []}, "Action.from_dict": {"executed_lines": [], "summary": {"covered_lines": 0, "num_statements": 0, "percent_covered": 100.0, "percent_covered_display": "100.00", "missing_lines": 0, "excluded_lines": 2, "num_branches": 0, "num_partial_branches": 0, "covered_branches": 0, "missing_branches": 0}, "missing_lines": [], "excluded_lines": [118, 119], "executed_branches": [], "missing_branches": []}, "Action.get_action_type": {"executed_lines": [123], "summary": {"covered_lines": 1, "num_statements": 1, "percent_covered": 100.0, "percent_covered_display": "100.00", "missing_lines": 0, "excluded_lines": 0, "num_branches": 0, "num_partial_branches": 0, "covered_branches": 0, "missing_branches": 0}, "missing_lines": [], "excluded_lines": [], "executed_branches": [], "missing_branches": []}, "Action._get_and_validate_actor": {"executed_lines": [149, 150, 151, 153, 157, 158, 159, 161], "summary": {"covered_lines": 8, "num_statements": 10, "percent_covered": 81.25, "percent_covered_display": "81.25", "missing_lines": 2, "excluded_lines": 1, "num_branches": 6, "num_partial_branches": 1, "covered_branches": 5, "missing_branches": 1}, "missing_lines": [154, 155], "excluded_lines": [133], "executed_branches": [[150, 151], [150, 153], [153, 157], [157, 158], [157, 161]], "missing_branches": [[153, 154]]}, "Action._log_validation_failure": {"executed_lines": [171, 172], "summary": {"covered_lines": 2, "num_statements": 2, "percent_covered": 100.0, "percent_covered_display": "100.00", "missing_lines": 0, "excluded_lines": 0, "num_branches": 0, "num_partial_branches": 0, "covered_branches": 0, "missing_branches": 0}, "missing_lines": [], "excluded_lines": [], "executed_branches": [], "missing_branches": []}, "Action._log_validation_success": {"executed_lines": [185, 186], "summary": {"covered_lines": 2, "num_statements": 2, "percent_covered": 100.0, "percent_covered_display": "100.00", "missing_lines": 0, "excluded_lines": 0, "num_branches": 0, "num_partial_branches": 0, "covered_branches": 0, "missing_branches": 0}, "missing_lines": [], "excluded_lines": [], "executed_branches": [], "missing_branches": []}, "": {"executed_lines": [1, 11, 12, 13, 14, 15, 17, 21, 24, 25, 26, 27, 28, 29, 32, 33, 34, 40, 41, 42, 43, 45, 46, 50, 51, 60, 61, 71, 72, 83, 90, 91, 100, 101, 110, 111, 115, 116, 117, 121, 132, 163, 177], "summary": {"covered_lines": 29, "num_statements": 29, "percent_covered": 100.0, "percent_covered_display": "100.00", "missing_lines": 0, "excluded_lines": 12, "num_branches": 0, "num_partial_branches": 0, "covered_branches": 0, "missing_branches": 0}, "missing_lines": [], "excluded_lines": [17, 18, 19, 90, 91, 100, 101, 110, 111, 115, 116, 117], "executed_branches": [], "missing_branches": []}}, "classes": {"ActionResult": {"executed_lines": [], "summary": {"covered_lines": 0, "num_statements": 0, "percent_covered": 100.0, "percent_covered_display": "100.00", "missing_lines": 0, "excluded_lines": 0, "num_branches": 0, "num_partial_branches": 0, "covered_branches": 0, "missing_branches": 0}, "missing_lines": [], "excluded_lines": [], "executed_branches": [], "missing_branches": []}, "ActionOutcome": {"executed_lines": [53, 63], "summary": {"covered_lines": 2, "num_statements": 3, "percent_covered": 66.66666666666667, "percent_covered_display": "66.67", "missing_lines": 1, "excluded_lines": 0, "num_branches": 0, "num_partial_branches": 0, "covered_branches": 0, "missing_branches": 0}, "missing_lines": [48], "excluded_lines": [], "executed_branches": [], "missing_branches": []}, "Action": {"executed_lines": [123, 149, 150, 151, 153, 157, 158, 159, 161, 171, 172, 185, 186], "summary": {"covered_lines": 13, "num_statements": 16, "percent_covered": 81.81818181818181, "percent_covered_display": "81.82", "missing_lines": 3, "excluded_lines": 19, "num_branches": 6, "num_partial_branches": 1, "covered_branches": 5, "missing_branches": 1}, "missing_lines": [88, 154, 155], "excluded_lines": [92, 93, 94, 95, 96, 97, 98, 102, 103, 104, 105, 106, 107, 108, 112, 113, 118, 119, 133], "executed_branches": [[150, 151], [150, 153], [153, 157], [157, 158], [157, 161]], "missing_branches": [[153, 154]]}, "": {"executed_lines": [1, 11, 12, 13, 14, 15, 17, 21, 24, 25, 26, 27, 28, 29, 32, 33, 34, 40, 41, 42, 43, 45, 46, 50, 51, 60, 61, 71, 72, 83, 90, 91, 100, 101, 110, 111, 115, 116, 117, 121, 132, 163, 177], "summary": {"covered_lines": 29, "num_statements": 29, "percent_covered": 100.0, "percent_covered_display": "100.00", "missing_lines": 0, "excluded_lines": 12, "num_branches": 0, "num_partial_branches": 0, "covered_branches": 0, "missing_branches": 0}, "missing_lines": [], "excluded_lines": [17, 18, 19, 90, 91, 100, 101, 110, 111, 115, 116, 117], "executed_branches": [], "missing_branches": []}}}, "src/core/base/entity.py": {"executed_lines": [1, 11, 12, 13, 14, 17, 18, 19, 20, 21, 22, 23, 26, 27, 28, 44, 45, 46, 49, 50, 53, 54, 55, 56, 59, 62, 63, 66, 69, 71, 81, 82, 85, 86, 88, 89, 91, 93, 103, 104, 106, 107, 108, 110, 112, 113, 115, 117, 118, 119, 121, 123, 126, 127, 128, 130, 132, 135, 137, 171, 173, 175, 177, 179, 197, 198], "summary": {"covered_lines": 63, "num_statements": 76, "percent_covered": 75.0, "percent_covered_display": "75.00", "missing_lines": 13, "excluded_lines": 0, "num_branches": 20, "num_partial_branches": 3, "covered_branches": 9, "missing_branches": 11}, "missing_lines": [124, 133, 157, 158, 161, 162, 163, 164, 165, 166, 169, 181, 200], "excluded_lines": [], "executed_branches": [[81, 82], [81, 85], [88, 89], [88, 91], [103, 104], [103, 106], [117, 118], [123, 126], [132, 135]], "missing_branches": [[117, -115], [123, 124], [132, 133], [157, 158], [157, 161], [161, 162], [161, 163], [163, 164], [163, 165], [165, 166], [165, 169]], "functions": {"Entity.take_damage": {"executed_lines": [81, 82, 85, 86, 88, 89, 91], "summary": {"covered_lines": 7, "num_statements": 7, "percent_covered": 100.0, "percent_covered_display": "100.00", "missing_lines": 0, "excluded_lines": 0, "num_branches": 4, "num_partial_branches": 0, "covered_branches": 4, "missing_branches": 0}, "missing_lines": [], "excluded_lines": [], "executed_branches": [[81, 82], [81, 85], [88, 89], [88, 91]], "missing_branches": []}, "Entity.heal": {"executed_lines": [103, 104, 106, 107, 108], "summary": {"covered_lines": 5, "num_statements": 5, "percent_covered": 100.0, "percent_covered_display": "100.00", "missing_lines": 0, "excluded_lines": 0, "num_branches": 2, "num_partial_branches": 0, "covered_branches": 2, "missing_branches": 0}, "missing_lines": [], "excluded_lines": [], "executed_branches": [[103, 104], [103, 106]], "missing_branches": []}, "Entity.move_to": {"executed_lines": [112, 113], "summary": {"covered_lines": 2, "num_statements": 2, "percent_covered": 100.0, "percent_covered_display": "100.00", "missing_lines": 0, "excluded_lines": 0, "num_branches": 0, "num_partial_branches": 0, "covered_branches": 0, "missing_branches": 0}, "missing_lines": [], "excluded_lines": [], "executed_branches": [], "missing_branches": []}, "Entity.move_by": {"executed_lines": [117, 118, 119], "summary": {"covered_lines": 3, "num_statements": 3, "percent_covered": 80.0, "percent_covered_display": "80.00", "missing_lines": 0, "excluded_lines": 0, "num_branches": 2, "num_partial_branches": 1, "covered_branches": 1, "missing_branches": 1}, "missing_lines": [], "excluded_lines": [], "executed_branches": [[117, 118]], "missing_branches": [[117, -115]]}, "Entity.distance_to": {"executed_lines": [123, 126, 127, 128], "summary": {"covered_lines": 4, "num_statements": 5, "percent_covered": 71.42857142857143, "percent_covered_display": "71.43", "missing_lines": 1, "excluded_lines": 0, "num_branches": 2, "num_partial_branches": 1, "covered_branches": 1, "missing_branches": 1}, "missing_lines": [124], "excluded_lines": [], "executed_branches": [[123, 126]], "missing_branches": [[123, 124]]}, "Entity.is_adjacent": {"executed_lines": [132, 135], "summary": {"covered_lines": 2, "num_statements": 3, "percent_covered": 60.0, "percent_covered_display": "60.00", "missing_lines": 1, "excluded_lines": 0, "num_branches": 2, "num_partial_branches": 1, "covered_branches": 1, "missing_branches": 1}, "missing_lines": [133], "excluded_lines": [], "executed_branches": [[132, 135]], "missing_branches": [[132, 133]]}, "Entity.blocks_movement": {"executed_lines": [], "summary": {"covered_lines": 0, "num_statements": 9, "percent_covered": 0.0, "percent_covered_display": "0.00", "missing_lines": 9, "excluded_lines": 0, "num_branches": 8, "num_partial_branches": 0, "covered_branches": 0, "missing_branches": 8}, "missing_lines": [157, 158, 161, 162, 163, 164, 165, 166, 169], "excluded_lines": [], "executed_branches": [], "missing_branches": [[157, 158], [157, 161], [161, 162], [161, 163], [163, 164], [163, 165], [165, 166], [165, 169]]}, "Entity.get_stat": {"executed_lines": [173], "summary": {"covered_lines": 1, "num_statements": 1, "percent_covered": 100.0, "percent_covered_display": "100.00", "missing_lines": 0, "excluded_lines": 0, "num_branches": 0, "num_partial_branches": 0, "covered_branches": 0, "missing_branches": 0}, "missing_lines": [], "excluded_lines": [], "executed_branches": [], "missing_branches": []}, "Entity.set_stat": {"executed_lines": [177], "summary": {"covered_lines": 1, "num_statements": 1, "percent_covered": 100.0, "percent_covered_display": "100.00", "missing_lines": 0, "excluded_lines": 0, "num_branches": 0, "num_partial_branches": 0, "covered_branches": 0, "missing_branches": 0}, "missing_lines": [], "excluded_lines": [], "executed_branches": [], "missing_branches": []}, "Entity.to_dict": {"executed_lines": [], "summary": {"covered_lines": 0, "num_statements": 1, "percent_covered": 0.0, "percent_covered_display": "0.00", "missing_lines": 1, "excluded_lines": 0, "num_branches": 0, "num_partial_branches": 0, "covered_branches": 0, "missing_branches": 0}, "missing_lines": [181], "excluded_lines": [], "executed_branches": [], "missing_branches": []}, "Entity.from_dict": {"executed_lines": [], "summary": {"covered_lines": 0, "num_statements": 1, "percent_covered": 0.0, "percent_covered_display": "0.00", "missing_lines": 1, "excluded_lines": 0, "num_branches": 0, "num_partial_branches": 0, "covered_branches": 0, "missing_branches": 0}, "missing_lines": [200], "excluded_lines": [], "executed_branches": [], "missing_branches": []}, "": {"executed_lines": [1, 11, 12, 13, 14, 17, 18, 19, 20, 21, 22, 23, 26, 27, 28, 44, 45, 46, 49, 50, 53, 54, 55, 56, 59, 62, 63, 66, 69, 71, 93, 110, 115, 121, 130, 137, 171, 175, 179, 197, 198], "summary": {"covered_lines": 38, "num_statements": 38, "percent_covered": 100.0, "percent_covered_display": "100.00", "missing_lines": 0, "excluded_lines": 0, "num_branches": 0, "num_partial_branches": 0, "covered_branches": 0, "missing_branches": 0}, "missing_lines": [], "excluded_lines": [], "executed_branches": [], "missing_branches": []}}, "classes": {"EntityType": {"executed_lines": [], "summary": {"covered_lines": 0, "num_statements": 0, "percent_covered": 100.0, "percent_covered_display": "100.00", "missing_lines": 0, "excluded_lines": 0, "num_branches": 0, "num_partial_branches": 0, "covered_branches": 0, "missing_branches": 0}, "missing_lines": [], "excluded_lines": [], "executed_branches": [], "missing_branches": []}, "Entity": {"executed_lines": [81, 82, 85, 86, 88, 89, 91, 103, 104, 106, 107, 108, 112, 113, 117, 118, 119, 123, 126, 127, 128, 132, 135, 173, 177], "summary": {"covered_lines": 25, "num_statements": 38, "percent_covered": 58.62068965517241, "percent_covered_display": "58.62", "missing_lines": 13, "excluded_lines": 0, "num_branches": 20, "num_partial_branches": 3, "covered_branches": 9, "missing_branches": 11}, "missing_lines": [124, 133, 157, 158, 161, 162, 163, 164, 165, 166, 169, 181, 200], "excluded_lines": [], "executed_branches": [[81, 82], [81, 85], [88, 89], [88, 91], [103, 104], [103, 106], [117, 118], [123, 126], [132, 135]], "missing_branches": [[117, -115], [123, 124], [132, 133], [157, 158], [157, 161], [161, 162], [161, 163], [163, 164], [163, 165], [165, 166], [165, 169]]}, "": {"executed_lines": [1, 11, 12, 13, 14, 17, 18, 19, 20, 21, 22, 23, 26, 27, 28, 44, 45, 46, 49, 50, 53, 54, 55, 56, 59, 62, 63, 66, 69, 71, 93, 110, 115, 121, 130, 137, 171, 175, 179, 197, 198], "summary": {"covered_lines": 38, "num_statements": 38, "percent_covered": 100.0, "percent_covered_display": "100.00", "missing_lines": 0, "excluded_lines": 0, "num_branches": 0, "num_partial_branches": 0, "covered_branches": 0, "missing_branches": 0}, "missing_lines": [], "excluded_lines": [], "executed_branches": [], "missing_branches": []}}}, "src/core/base/game_context.py": {"executed_lines": [1, 11, 12, 14, 19, 22, 23, 32, 33, 34, 37, 39, 41, 43, 45, 47, 48, 51, 58, 77, 79, 80, 82, 90, 94, 99, 101, 103, 105, 106, 109, 115, 119], "summary": {"covered_lines": 30, "num_statements": 55, "percent_covered": 44.776119402985074, "percent_covered_display": "44.78", "missing_lines": 25, "excluded_lines": 4, "num_branches": 12, "num_partial_branches": 0, "covered_branches": 0, "missing_branches": 12}, "missing_lines": [53, 54, 55, 56, 60, 61, 63, 64, 65, 67, 68, 69, 71, 72, 74, 84, 85, 86, 87, 92, 96, 111, 112, 117, 121], "excluded_lines": [14, 15, 16, 17], "executed_branches": [], "missing_branches": [[53, 54], [53, 56], [54, 53], [54, 55], [63, 64], [63, 74], [64, 65], [64, 67], [71, 63], [71, 72], [84, -82], [84, 85]], "functions": {"GameContext.__init__": {"executed_lines": [33, 34], "summary": {"covered_lines": 2, "num_statements": 2, "percent_covered": 100.0, "percent_covered_display": "100.00", "missing_lines": 0, "excluded_lines": 0, "num_branches": 0, "num_partial_branches": 0, "covered_branches": 0, "missing_branches": 0}, "missing_lines": [], "excluded_lines": [], "executed_branches": [], "missing_branches": []}, "GameContext.get_entity": {"executed_lines": [39], "summary": {"covered_lines": 1, "num_statements": 1, "percent_covered": 100.0, "percent_covered_display": "100.00", "missing_lines": 0, "excluded_lines": 0, "num_branches": 0, "num_partial_branches": 0, "covered_branches": 0, "missing_branches": 0}, "missing_lines": [], "excluded_lines": [], "executed_branches": [], "missing_branches": []}, "GameContext.get_player": {"executed_lines": [43], "summary": {"covered_lines": 1, "num_statements": 1, "percent_covered": 100.0, "percent_covered_display": "100.00", "missing_lines": 0, "excluded_lines": 0, "num_branches": 0, "num_partial_branches": 0, "covered_branches": 0, "missing_branches": 0}, "missing_lines": [], "excluded_lines": [], "executed_branches": [], "missing_branches": []}, "GameContext.get_entities_by_type": {"executed_lines": [47, 48], "summary": {"covered_lines": 2, "num_statements": 2, "percent_covered": 100.0, "percent_covered_display": "100.00", "missing_lines": 0, "excluded_lines": 0, "num_branches": 0, "num_partial_branches": 0, "covered_branches": 0, "missing_branches": 0}, "missing_lines": [], "excluded_lines": [], "executed_branches": [], "missing_branches": []}, "GameContext.get_entity_at": {"executed_lines": [], "summary": {"covered_lines": 0, "num_statements": 4, "percent_covered": 0.0, "percent_covered_display": "0.00", "missing_lines": 4, "excluded_lines": 0, "num_branches": 4, "num_partial_branches": 0, "covered_branches": 0, "missing_branches": 4}, "missing_lines": [53, 54, 55, 56], "excluded_lines": [], "executed_branches": [], "missing_branches": [[53, 54], [53, 56], [54, 53], [54, 55]]}, "GameContext.get_entities_in_range": {"executed_lines": [], "summary": {"covered_lines": 0, "num_statements": 11, "percent_covered": 0.0, "percent_covered_display": "0.00", "missing_lines": 11, "excluded_lines": 0, "num_branches": 6, "num_partial_branches": 0, "covered_branches": 0, "missing_branches": 6}, "missing_lines": [60, 61, 63, 64, 65, 67, 68, 69, 71, 72, 74], "excluded_lines": [], "executed_branches": [], "missing_branches": [[63, 64], [63, 74], [64, 65], [64, 67], [71, 63], [71, 72]]}, "GameContext.add_entity": {"executed_lines": [79, 80], "summary": {"covered_lines": 2, "num_statements": 2, "percent_covered": 100.0, "percent_covered_display": "100.00", "missing_lines": 0, "excluded_lines": 0, "num_branches": 0, "num_partial_branches": 0, "covered_branches": 0, "missing_branches": 0}, "missing_lines": [], "excluded_lines": [], "executed_branches": [], "missing_branches": []}, "GameContext.remove_entity": {"executed_lines": [], "summary": {"covered_lines": 0, "num_statements": 4, "percent_covered": 0.0, "percent_covered_display": "0.00", "missing_lines": 4, "excluded_lines": 0, "num_branches": 2, "num_partial_branches": 0, "covered_branches": 0, "missing_branches": 2}, "missing_lines": [84, 85, 86, 87], "excluded_lines": [], "executed_branches": [], "missing_branches": [[84, -82], [84, 85]]}, "GameContext.is_walkable": {"executed_lines": [], "summary": {"covered_lines": 0, "num_statements": 1, "percent_covered": 0.0, "percent_covered_display": "0.00", "missing_lines": 1, "excluded_lines": 0, "num_branches": 0, "num_partial_branches": 0, "covered_branches": 0, "missing_branches": 0}, "missing_lines": [92], "excluded_lines": [], "executed_branches": [], "missing_branches": []}, "GameContext.in_bounds": {"executed_lines": [], "summary": {"covered_lines": 0, "num_statements": 1, "percent_covered": 0.0, "percent_covered_display": "0.00", "missing_lines": 1, "excluded_lines": 0, "num_branches": 0, "num_partial_branches": 0, "covered_branches": 0, "missing_branches": 0}, "missing_lines": [96], "excluded_lines": [], "executed_branches": [], "missing_branches": []}, "GameContext.get_system": {"executed_lines": [101], "summary": {"covered_lines": 1, "num_statements": 1, "percent_covered": 100.0, "percent_covered_display": "100.00", "missing_lines": 0, "excluded_lines": 0, "num_branches": 0, "num_partial_branches": 0, "covered_branches": 0, "missing_branches": 0}, "missing_lines": [], "excluded_lines": [], "executed_branches": [], "missing_branches": []}, "GameContext.register_system": {"executed_lines": [105, 106], "summary": {"covered_lines": 2, "num_statements": 2, "percent_covered": 100.0, "percent_covered_display": "100.00", "missing_lines": 0, "excluded_lines": 0, "num_branches": 0, "num_partial_branches": 0, "covered_branches": 0, "missing_branches": 0}, "missing_lines": [], "excluded_lines": [], "executed_branches": [], "missing_branches": []}, "GameContext.add_message": {"executed_lines": [], "summary": {"covered_lines": 0, "num_statements": 2, "percent_covered": 0.0, "percent_covered_display": "0.00", "missing_lines": 2, "excluded_lines": 0, "num_branches": 0, "num_partial_branches": 0, "covered_branches": 0, "missing_branches": 0}, "missing_lines": [111, 112], "excluded_lines": [], "executed_branches": [], "missing_branches": []}, "GameContext.get_turn_count": {"executed_lines": [], "summary": {"covered_lines": 0, "num_statements": 1, "percent_covered": 0.0, "percent_covered_display": "0.00", "missing_lines": 1, "excluded_lines": 0, "num_branches": 0, "num_partial_branches": 0, "covered_branches": 0, "missing_branches": 0}, "missing_lines": [117], "excluded_lines": [], "executed_branches": [], "missing_branches": []}, "GameContext.get_floor": {"executed_lines": [], "summary": {"covered_lines": 0, "num_statements": 1, "percent_covered": 0.0, "percent_covered_display": "0.00", "missing_lines": 1, "excluded_lines": 0, "num_branches": 0, "num_partial_branches": 0, "covered_branches": 0, "missing_branches": 0}, "missing_lines": [121], "excluded_lines": [], "executed_branches": [], "missing_branches": []}, "": {"executed_lines": [1, 11, 12, 14, 19, 22, 23, 32, 37, 41, 45, 51, 58, 77, 82, 90, 94, 99, 103, 109, 115, 119], "summary": {"covered_lines": 19, "num_statements": 19, "percent_covered": 100.0, "percent_covered_display": "100.00", "missing_lines": 0, "excluded_lines": 4, "num_branches": 0, "num_partial_branches": 0, "covered_branches": 0, "missing_branches": 0}, "missing_lines": [], "excluded_lines": [14, 15, 16, 17], "executed_branches": [], "missing_branches": []}}, "classes": {"GameContext": {"executed_lines": [33, 34, 39, 43, 47, 48, 79, 80, 101, 105, 106], "summary": {"covered_lines": 11, "num_statements": 36, "percent_covered": 22.916666666666668, "percent_covered_display": "22.92", "missing_lines": 25, "excluded_lines": 0, "num_branches": 12, "num_partial_branches": 0, "covered_branches": 0, "missing_branches": 12}, "missing_lines": [53, 54, 55, 56, 60, 61, 63, 64, 65, 67, 68, 69, 71, 72, 74, 84, 85, 86, 87, 92, 96, 111, 112, 117, 121], "excluded_lines": [], "executed_branches": [], "missing_branches": [[53, 54], [53, 56], [54, 53], [54, 55], [63, 64], [63, 74], [64, 65], [64, 67], [71, 63], [71, 72], [84, -82], [84, 85]]}, "": {"executed_lines": [1, 11, 12, 14, 19, 22, 23, 32, 37, 41, 45, 51, 58, 77, 82, 90, 94, 99, 103, 109, 115, 119], "summary": {"covered_lines": 19, "num_statements": 19, "percent_covered": 100.0, "percent_covered_display": "100.00", "missing_lines": 0, "excluded_lines": 4, "num_branches": 0, "num_partial_branches": 0, "covered_branches": 0, "missing_branches": 0}, "missing_lines": [], "excluded_lines": [14, 15, 16, 17], "executed_branches": [], "missing_branches": []}}}, "src/core/base/system.py": {"executed_lines": [1, 17, 18, 20, 24, 25, 34, 35, 36, 38, 42, 46, 47], "summary": {"covered_lines": 8, "num_statements": 10, "percent_covered": 80.0, "percent_covered_display": "80.00", "missing_lines": 2, "excluded_lines": 11, "num_branches": 0, "num_partial_branches": 0, "covered_branches": 0, "missing_branches": 0}, "missing_lines": [40, 44], "excluded_lines": [20, 21, 46, 47, 48, 49, 50, 51, 52, 53, 54], "executed_branches": [], "missing_branches": [], "functions": {"System.__init__": {"executed_lines": [35, 36], "summary": {"covered_lines": 2, "num_statements": 2, "percent_covered": 100.0, "percent_covered_display": "100.00", "missing_lines": 0, "excluded_lines": 0, "num_branches": 0, "num_partial_branches": 0, "covered_branches": 0, "missing_branches": 0}, "missing_lines": [], "excluded_lines": [], "executed_branches": [], "missing_branches": []}, "System.initialize": {"executed_lines": [], "summary": {"covered_lines": 0, "num_statements": 1, "percent_covered": 0.0, "percent_covered_display": "0.00", "missing_lines": 1, "excluded_lines": 0, "num_branches": 0, "num_partial_branches": 0, "covered_branches": 0, "missing_branches": 0}, "missing_lines": [40], "excluded_lines": [], "executed_branches": [], "missing_branches": []}, "System.shutdown": {"executed_lines": [], "summary": {"covered_lines": 0, "num_statements": 1, "percent_covered": 0.0, "percent_covered_display": "0.00", "missing_lines": 1, "excluded_lines": 0, "num_branches": 0, "num_partial_branches": 0, "covered_branches": 0, "missing_branches": 0}, "missing_lines": [44], "excluded_lines": [], "executed_branches": [], "missing_branches": []}, "System.update": {"executed_lines": [], "summary": {"covered_lines": 0, "num_statements": 0, "percent_covered": 100.0, "percent_covered_display": "100.00", "missing_lines": 0, "excluded_lines": 7, "num_branches": 0, "num_partial_branches": 0, "covered_branches": 0, "missing_branches": 0}, "missing_lines": [], "excluded_lines": [48, 49, 50, 51, 52, 53, 54], "executed_branches": [], "missing_branches": []}, "": {"executed_lines": [1, 17, 18, 20, 24, 25, 34, 38, 42, 46, 47], "summary": {"covered_lines": 6, "num_statements": 6, "percent_covered": 100.0, "percent_covered_display": "100.00", "missing_lines": 0, "excluded_lines": 4, "num_branches": 0, "num_partial_branches": 0, "covered_branches": 0, "missing_branches": 0}, "missing_lines": [], "excluded_lines": [20, 21, 46, 47], "executed_branches": [], "missing_branches": []}}, "classes": {"System": {"executed_lines": [35, 36], "summary": {"covered_lines": 2, "num_statements": 4, "percent_covered": 50.0, "percent_covered_display": "50.00", "missing_lines": 2, "excluded_lines": 7, "num_branches": 0, "num_partial_branches": 0, "covered_branches": 0, "missing_branches": 0}, "missing_lines": [40, 44], "excluded_lines": [48, 49, 50, 51, 52, 53, 54], "executed_branches": [], "missing_branches": []}, "": {"executed_lines": [1, 17, 18, 20, 24, 25, 34, 38, 42, 46, 47], "summary": {"covered_lines": 6, "num_statements": 6, "percent_covered": 100.0, "percent_covered_display": "100.00", "missing_lines": 0, "excluded_lines": 4, "num_branches": 0, "num_partial_branches": 0, "covered_branches": 0, "missing_branches": 0}, "missing_lines": [], "excluded_lines": [20, 21, 46, 47], "executed_branches": [], "missing_branches": []}}}, "src/core/character_class.py": {"executed_lines": [1, 17, 18, 19, 21, 23, 27, 28, 33, 34, 35, 36, 38, 39, 56, 57, 58, 59, 60, 67, 68, 69, 87, 88, 91, 92, 93, 96, 99, 100, 101, 104, 108, 163, 178, 181, 208, 210, 213, 225, 226, 227, 228, 229, 230, 241, 244, 257, 258, 259, 260, 261, 263, 264, 265, 270, 271, 273, 276, 293, 294, 295, 296], "summary": {"covered_lines": 59, "num_statements": 59, "percent_covered": 100.0, "percent_covered_display": "100.00", "missing_lines": 0, "excluded_lines": 4, "num_branches": 8, "num_partial_branches": 0, "covered_branches": 8, "missing_branches": 0}, "missing_lines": [], "excluded_lines": [23, 24, 187, 245], "executed_branches": [[57, 58], [57, 60], [58, 57], [58, 59], [263, 264], [263, 273], [294, 295], [294, 296]], "missing_branches": [], "functions": {"CharacterClass.from_string": {"executed_lines": [56, 57, 58, 59, 60], "summary": {"covered_lines": 5, "num_statements": 5, "percent_covered": 100.0, "percent_covered_display": "100.00", "missing_lines": 0, "excluded_lines": 0, "num_branches": 4, "num_partial_branches": 0, "covered_branches": 4, "missing_branches": 0}, "missing_lines": [], "excluded_lines": [], "executed_branches": [[57, 58], [57, 60], [58, 57], [58, 59]], "missing_branches": []}, "get_class_template": {"executed_lines": [178], "summary": {"covered_lines": 1, "num_statements": 1, "percent_covered": 100.0, "percent_covered_display": "100.00", "missing_lines": 0, "excluded_lines": 0, "num_branches": 0, "num_partial_branches": 0, "covered_branches": 0, "missing_branches": 0}, "missing_lines": [], "excluded_lines": [], "executed_branches": [], "missing_branches": []}, "create_player_from_class": {"executed_lines": [208, 210, 213, 225, 226, 227, 228, 229, 230, 241], "summary": {"covered_lines": 10, "num_statements": 10, "percent_covered": 100.0, "percent_covered_display": "100.00", "missing_lines": 0, "excluded_lines": 1, "num_branches": 0, "num_partial_branches": 0, "covered_branches": 0, "missing_branches": 0}, "missing_lines": [], "excluded_lines": [187], "executed_branches": [], "missing_branches": []}, "format_class_selection": {"executed_lines": [257, 258, 259, 260, 261, 263, 264, 265, 270, 271, 273], "summary": {"covered_lines": 11, "num_statements": 11, "percent_covered": 100.0, "percent_covered_display": "100.00", "missing_lines": 0, "excluded_lines": 1, "num_branches": 2, "num_partial_branches": 0, "covered_branches": 2, "missing_branches": 0}, "missing_lines": [], "excluded_lines": [245], "executed_branches": [[263, 264], [263, 273]], "missing_branches": []}, "get_class_from_choice": {"executed_lines": [293, 294, 295, 296], "summary": {"covered_lines": 4, "num_statements": 4, "percent_covered": 100.0, "percent_covered_display": "100.00", "missing_lines": 0, "excluded_lines": 0, "num_branches": 2, "num_partial_branches": 0, "covered_branches": 2, "missing_branches": 0}, "missing_lines": [], "excluded_lines": [], "executed_branches": [[294, 295], [294, 296]], "missing_branches": []}, "": {"executed_lines": [1, 17, 18, 19, 21, 23, 27, 28, 33, 34, 35, 36, 38, 39, 67, 68, 69, 87, 88, 91, 92, 93, 96, 99, 100, 101, 104, 108, 163, 181, 244, 276], "summary": {"covered_lines": 28, "num_statements": 28, "percent_covered": 100.0, "percent_covered_display": "100.00", "missing_lines": 0, "excluded_lines": 2, "num_branches": 0, "num_partial_branches": 0, "covered_branches": 0, "missing_branches": 0}, "missing_lines": [], "excluded_lines": [23, 24], "executed_branches": [], "missing_branches": []}}, "classes": {"CharacterClass": {"executed_lines": [56, 57, 58, 59, 60], "summary": {"covered_lines": 5, "num_statements": 5, "percent_covered": 100.0, "percent_covered_display": "100.00", "missing_lines": 0, "excluded_lines": 0, "num_branches": 4, "num_partial_branches": 0, "covered_branches": 4, "missing_branches": 0}, "missing_lines": [], "excluded_lines": [], "executed_branches": [[57, 58], [57, 60], [58, 57], [58, 59]], "missing_branches": []}, "ClassTemplate": {"executed_lines": [], "summary": {"covered_lines": 0, "num_statements": 0, "percent_covered": 100.0, "percent_covered_display": "100.00", "missing_lines": 0, "excluded_lines": 0, "num_branches": 0, "num_partial_branches": 0, "covered_branches": 0, "missing_branches": 0}, "missing_lines": [], "excluded_lines": [], "executed_branches": [], "missing_branches": []}, "": {"executed_lines": [1, 17, 18, 19, 21, 23, 27, 28, 33, 34, 35, 36, 38, 39, 67, 68, 69, 87, 88, 91, 92, 93, 96, 99, 100, 101, 104, 108, 163, 178, 181, 208, 210, 213, 225, 226, 227, 228, 229, 230, 241, 244, 257, 258, 259, 260, 261, 263, 264, 265, 270, 271, 273, 276, 293, 294, 295, 296], "summary": {"covered_lines": 54, "num_statements": 54, "percent_covered": 100.0, "percent_covered_display": "100.00", "missing_lines": 0, "excluded_lines": 4, "num_branches": 4, "num_partial_branches": 0, "covered_branches": 4, "missing_branches": 0}, "missing_lines": [], "excluded_lines": [23, 24, 187, 245], "executed_branches": [[263, 264], [263, 273], [294, 295], [294, 296]], "missing_branches": []}}}, "src/core/config/__init__.py": {"executed_lines": [1, 18, 19, 21], "summary": {"covered_lines": 3, "num_statements": 3, "percent_covered": 100.0, "percent_covered_display": "100.00", "missing_lines": 0, "excluded_lines": 0, "num_branches": 0, "num_partial_branches": 0, "covered_branches": 0, "missing_branches": 0}, "missing_lines": [], "excluded_lines": [], "executed_branches": [], "missing_branches": [], "functions": {"": {"executed_lines": [1, 18, 19, 21], "summary": {"covered_lines": 3, "num_statements": 3, "percent_covered": 100.0, "percent_covered_display": "100.00", "missing_lines": 0, "excluded_lines": 0, "num_branches": 0, "num_partial_branches": 0, "covered_branches": 0, "missing_branches": 0}, "missing_lines": [], "excluded_lines": [], "executed_branches": [], "missing_branches": []}}, "classes": {"": {"executed_lines": [1, 18, 19, 21], "summary": {"covered_lines": 3, "num_statements": 3, "percent_covered": 100.0, "percent_covered_display": "100.00", "missing_lines": 0, "excluded_lines": 0, "num_branches": 0, "num_partial_branches": 0, "covered_branches": 0, "missing_branches": 0}, "missing_lines": [], "excluded_lines": [], "executed_branches": [], "missing_branches": []}}}, "src/core/config/config_loader.py": {"executed_lines": [1, 15, 16, 17, 18, 19, 21, 23, 26, 27, 28, 35, 36, 37, 39, 49, 51, 53, 54, 67, 77, 79, 80, 81, 82, 83, 84, 90, 100, 102, 104, 114, 116, 117, 118, 119, 123, 146, 147, 153, 155, 156, 166, 167, 169, 171, 172, 173, 175, 178, 179, 180, 182, 188, 189, 191, 192, 205, 206, 220, 226, 227, 229, 230], "summary": {"covered_lines": 61, "num_statements": 81, "percent_covered": 69.1588785046729, "percent_covered_display": "69.16", "missing_lines": 20, "excluded_lines": 0, "num_branches": 26, "num_partial_branches": 5, "covered_branches": 13, "missing_branches": 13}, "missing_lines": [56, 58, 59, 63, 64, 65, 85, 86, 88, 121, 134, 135, 137, 138, 139, 141, 143, 202, 203, 221], "excluded_lines": [], "executed_branches": [[51, 53], [79, 80], [79, 81], [81, 82], [81, 83], [83, 84], [116, 117], [116, 118], [118, 119], [166, 167], [166, 169], [169, 171], [220, 226]], "missing_branches": [[51, 56], [56, 58], [56, 63], [83, 85], [85, 86], [85, 88], [118, 121], [137, 138], [137, 143], [138, 139], [138, 141], [169, 175], [220, 221]], "functions": {"GameConfig.get_monster_count_for_floor": {"executed_lines": [49, 51, 53, 54], "summary": {"covered_lines": 4, "num_statements": 10, "percent_covered": 35.714285714285715, "percent_covered_display": "35.71", "missing_lines": 6, "excluded_lines": 0, "num_branches": 4, "num_partial_branches": 1, "covered_branches": 1, "missing_branches": 3}, "missing_lines": [56, 58, 59, 63, 64, 65], "excluded_lines": [], "executed_branches": [[51, 53]], "missing_branches": [[51, 56], [56, 58], [56, 63]]}, "GameConfig.get_monster_spawn_weights": {"executed_lines": [77, 79, 80, 81, 82, 83, 84], "summary": {"covered_lines": 7, "num_statements": 10, "percent_covered": 66.66666666666667, "percent_covered_display": "66.67", "missing_lines": 3, "excluded_lines": 0, "num_branches": 8, "num_partial_branches": 1, "covered_branches": 5, "missing_branches": 3}, "missing_lines": [85, 86, 88], "excluded_lines": [], "executed_branches": [[79, 80], [79, 81], [81, 82], [81, 83], [83, 84]], "missing_branches": [[83, 85], [85, 86], [85, 88]]}, "GameConfig.get_ore_vein_count_for_floor": {"executed_lines": [100, 102], "summary": {"covered_lines": 2, "num_statements": 2, "percent_covered": 100.0, "percent_covered_display": "100.00", "missing_lines": 0, "excluded_lines": 0, "num_branches": 0, "num_partial_branches": 0, "covered_branches": 0, "missing_branches": 0}, "missing_lines": [], "excluded_lines": [], "executed_branches": [], "missing_branches": []}, "GameConfig.get_ore_spawn_weights": {"executed_lines": [114, 116, 117, 118, 119], "summary": {"covered_lines": 5, "num_statements": 6, "percent_covered": 80.0, "percent_covered_display": "80.00", "missing_lines": 1, "excluded_lines": 0, "num_branches": 4, "num_partial_branches": 1, "covered_branches": 3, "missing_branches": 1}, "missing_lines": [121], "excluded_lines": [], "executed_branches": [[116, 117], [116, 118], [118, 119]], "missing_branches": [[118, 121]]}, "GameConfig.get_constant": {"executed_lines": [], "summary": {"covered_lines": 0, "num_statements": 7, "percent_covered": 0.0, "percent_covered_display": "0.00", "missing_lines": 7, "excluded_lines": 0, "num_branches": 4, "num_partial_branches": 0, "covered_branches": 0, "missing_branches": 4}, "missing_lines": [134, 135, 137, 138, 139, 141, 143], "excluded_lines": [], "executed_branches": [], "missing_branches": [[137, 138], [137, 143], [138, 139], [138, 141]]}, "ConfigLoader.load": {"executed_lines": [166, 167, 169, 171, 172, 173, 175, 178, 179, 180, 182, 188, 189], "summary": {"covered_lines": 13, "num_statements": 13,
[...]
hes": 0, "missing_branches": 0}, "missing_lines": [210, 211], "excluded_lines": [], "executed_branches": [], "missing_branches": []}, "VeinbornApp.on_mount": {"executed_lines": [], "summary": {"covered_lines": 0, "num_statements": 1, "percent_covered": 0.0, "percent_covered_display": "0.00", "missing_lines": 1, "excluded_lines": 0, "num_branches": 0, "num_partial_branches": 0, "covered_branches": 0, "missing_branches": 0}, "missing_lines": [215], "excluded_lines": [], "executed_branches": [], "missing_branches": []}, "VeinbornApp.on_ready": {"executed_lines": [], "summary": {"covered_lines": 0, "num_statements": 1, "percent_covered": 0.0, "percent_covered_display": "0.00", "missing_lines": 1, "excluded_lines": 0, "num_branches": 0, "num_partial_branches": 0, "covered_branches": 0, "missing_branches": 0}, "missing_lines": [219], "excluded_lines": [], "executed_branches": [], "missing_branches": []}, "VeinbornApp.on_shutdown": {"executed_lines": [], "summary": {"covered_lines": 0, "num_statements": 2, "percent_covered": 0.0, "percent_covered_display": "0.00", "missing_lines": 2, "excluded_lines": 0, "num_branches": 0, "num_partial_branches": 0, "covered_branches": 0, "missing_branches": 0}, "missing_lines": [223, 224], "excluded_lines": [], "executed_branches": [], "missing_branches": []}, "VeinbornApp.refresh_ui": {"executed_lines": [], "summary": {"covered_lines": 0, "num_statements": 9, "percent_covered": 0.0, "percent_covered_display": "0.00", "missing_lines": 9, "excluded_lines": 0, "num_branches": 8, "num_partial_branches": 0, "covered_branches": 0, "missing_branches": 8}, "missing_lines": [228, 229, 230, 231, 232, 233, 234, 235, 236], "excluded_lines": [], "executed_branches": [], "missing_branches": [[229, 230], [229, 231], [231, 232], [231, 233], [233, 234], [233, 235], [235, -226], [235, 236]]}, "run_game": {"executed_lines": [], "summary": {"covered_lines": 0, "num_statements": 4, "percent_covered": 0.0, "percent_covered_display": "0.00", "missing_lines": 4, "excluded_lines": 1, "num_branches": 0, "num_partial_branches": 0, "covered_branches": 0, "missing_branches": 0}, "missing_lines": [248, 249, 255, 257], "excluded_lines": [250], "executed_branches": [], "missing_branches": []}, "": {"executed_lines": [], "summary": {"covered_lines": 0, "num_statements": 31, "percent_covered": 0.0, "percent_covered_display": "0.00", "missing_lines": 31, "excluded_lines": 2, "num_branches": 0, "num_partial_branches": 0, "covered_branches": 0, "missing_branches": 0}, "missing_lines": [2, 3, 4, 5, 6, 7, 9, 10, 11, 14, 17, 53, 56, 64, 65, 68, 75, 77, 103, 105, 131, 164, 175, 186, 197, 208, 213, 217, 221, 226, 239], "excluded_lines": [260, 261], "executed_branches": [], "missing_branches": []}}, "classes": {"VeinbornApp": {"executed_lines": [], "summary": {"covered_lines": 0, "num_statements": 57, "percent_covered": 0.0, "percent_covered_display": "0.00", "missing_lines": 57, "excluded_lines": 7, "num_branches": 16, "num_partial_branches": 0, "covered_branches": 0, "missing_branches": 16}, "missing_lines": [114, 115, 117, 118, 121, 122, 123, 125, 126, 127, 128, 129, 133, 137, 142, 143, 144, 148, 150, 152, 154, 158, 159, 160, 161, 162, 166, 167, 170, 173, 177, 178, 181, 184, 188, 189, 192, 195, 199, 200, 203, 206, 210, 211, 215, 219, 223, 224, 228, 229, 230, 231, 232, 233, 234, 235, 236], "excluded_lines": [116, 136, 147, 149, 151, 153, 157], "executed_branches": [], "missing_branches": [[166, 167], [166, 170], [177, 178], [177, 181], [188, 189], [188, 192], [199, 200], [199, 203], [229, 230], [229, 231], [231, 232], [231, 233], [233, 234], [233, 235], [235, -226], [235, 236]]}, "": {"executed_lines": [], "summary": {"covered_lines": 0, "num_statements": 49, "percent_covered": 0.0, "percent_covered_display": "0.00", "missing_lines": 49, "excluded_lines": 4, "num_branches": 0, "num_partial_branches": 0, "covered_branches": 0, "missing_branches": 0}, "missing_lines": [2, 3, 4, 5, 6, 7, 9, 10, 11, 14, 17, 29, 31, 32, 33, 34, 37, 40, 43, 45, 46, 47, 49, 53, 56, 59, 60, 64, 65, 68, 75, 77, 103, 105, 131, 164, 175, 186, 197, 208, 213, 217, 221, 226, 239, 248, 249, 255, 257], "excluded_lines": [58, 250, 260, 261], "executed_branches": [], "missing_branches": []}}}, "src/ui/textual/widgets/__init__.py": {"executed_lines": [], "summary": {"covered_lines": 0, "num_statements": 4, "percent_covered": 0.0, "percent_covered_display": "0.00", "missing_lines": 4, "excluded_lines": 0, "num_branches": 0, "num_partial_branches": 0, "covered_branches": 0, "missing_branches": 0}, "missing_lines": [2, 3, 4, 6], "excluded_lines": [], "executed_branches": [], "missing_branches": [], "functions": {"": {"executed_lines": [], "summary": {"covered_lines": 0, "num_statements": 4, "percent_covered": 0.0, "percent_covered_display": "0.00", "missing_lines": 4, "excluded_lines": 0, "num_branches": 0, "num_partial_branches": 0, "covered_branches": 0, "missing_branches": 0}, "missing_lines": [2, 3, 4, 6], "excluded_lines": [], "executed_branches": [], "missing_branches": []}}, "classes": {"": {"executed_lines": [], "summary": {"covered_lines": 0, "num_statements": 4, "percent_covered": 0.0, "percent_covered_display": "0.00", "missing_lines": 4, "excluded_lines": 0, "num_branches": 0, "num_partial_branches": 0, "covered_branches": 0, "missing_branches": 0}, "missing_lines": [2, 3, 4, 6], "excluded_lines": [], "executed_branches": [], "missing_branches": []}}}, "src/ui/textual/widgets/map_widget.py": {"executed_lines": [], "summary": {"covered_lines": 0, "num_statements": 76, "percent_covered": 0.0, "percent_covered_display": "0.00", "missing_lines": 76, "excluded_lines": 0, "num_branches": 36, "num_partial_branches": 0, "covered_branches": 0, "missing_branches": 36}, "missing_lines": [2, 3, 4, 5, 6, 8, 9, 12, 16, 24, 33, 34, 35, 36, 37, 39, 41, 42, 44, 45, 46, 49, 51, 54, 55, 56, 58, 59, 60, 61, 62, 65, 66, 67, 70, 71, 72, 74, 75, 77, 78, 79, 80, 83, 84, 85, 87, 88, 90, 92, 94, 95, 96, 97, 98, 99, 100, 101, 103, 104, 105, 108, 109, 110, 112, 113, 114, 115, 117, 119, 121, 123, 125, 127, 129, 131], "excluded_lines": [], "executed_branches": [], "missing_branches": [[41, 42], [41, 44], [55, 56], [55, 58], [58, 59], [58, 123], [60, 61], [60, 65], [65, 66], [65, 70], [71, 72], [71, 77], [72, 71], [72, 74], [77, 78], [77, 83], [84, 85], [84, 90], [85, 84], [85, 87], [90, 92], [90, 108], [94, 95], [94, 96], [96, 97], [96, 98], [98, 99], [98, 100], [100, 101], [100, 103], [108, 109], [108, 121], [112, 113], [112, 114], [114, 115], [114, 117]], "functions": {"MapWidget.__init__": {"executed_lines": [], "summary": {"covered_lines": 0, "num_statements": 4, "percent_covered": 0.0, "percent_covered_display": "0.00", "missing_lines": 4, "excluded_lines": 0, "num_branches": 0, "num_partial_branches": 0, "covered_branches": 0, "missing_branches": 0}, "missing_lines": [34, 35, 36, 37], "excluded_lines": [], "executed_branches": [], "missing_branches": []}, "MapWidget.render_line": {"executed_lines": [], "summary": {"covered_lines": 0, "num_statements": 56, "percent_covered": 0.0, "percent_covered_display": "0.00", "missing_lines": 56, "excluded_lines": 0, "num_branches": 36, "num_partial_branches": 0, "covered_branches": 0, "missing_branches": 36}, "missing_lines": [41, 42, 44, 45, 46, 49, 51, 54, 55, 56, 58, 59, 60, 61, 62, 65, 66, 67, 70, 71, 72, 74, 75, 77, 78, 79, 80, 83, 84, 85, 87, 88, 90, 92, 94, 95, 96, 97, 98, 99, 100, 101, 103, 104, 105, 108, 109, 110, 112, 113, 114, 115, 117, 119, 121, 123], "excluded_lines": [], "executed_branches": [], "missing_branches": [[41, 42], [41, 44], [55, 56], [55, 58], [58, 59], [58, 123], [60, 61], [60, 65], [65, 66], [65, 70], [71, 72], [71, 77], [72, 71], [72, 74], [77, 78], [77, 83], [84, 85], [84, 90], [85, 84], [85, 87], [90, 92], [90, 108], [94, 95], [94, 96], [96, 97], [96, 98], [98, 99], [98, 100], [100, 101], [100, 103], [108, 109], [108, 121], [112, 113], [112, 114], [114, 115], [114, 117]]}, "MapWidget.get_content_height": {"executed_lines": [], "summary": {"covered_lines": 0, "num_statements": 1, "percent_covered": 0.0, "percent_covered_display": "0.00", "missing_lines": 1, "excluded_lines": 0, "num_branches": 0, "num_partial_branches": 0, "covered_branches": 0, "missing_branches": 0}, "missing_lines": [127], "excluded_lines": [], "executed_branches": [], "missing_branches": []}, "MapWidget.get_content_width": {"executed_lines": [], "summary": {"covered_lines": 0, "num_statements": 1, "percent_covered": 0.0, "percent_covered_display": "0.00", "missing_lines": 1, "excluded_lines": 0, "num_branches": 0, "num_partial_branches": 0, "covered_branches": 0, "missing_branches": 0}, "missing_lines": [131], "excluded_lines": [], "executed_branches": [], "missing_branches": []}, "": {"executed_lines": [], "summary": {"covered_lines": 0, "num_statements": 14, "percent_covered": 0.0, "percent_covered_display": "0.00", "missing_lines": 14, "excluded_lines": 0, "num_branches": 0, "num_partial_branches": 0, "covered_branches": 0, "missing_branches": 0}, "missing_lines": [2, 3, 4, 5, 6, 8, 9, 12, 16, 24, 33, 39, 125, 129], "excluded_lines": [], "executed_branches": [], "missing_branches": []}}, "classes": {"MapWidget": {"executed_lines": [], "summary": {"covered_lines": 0, "num_statements": 62, "percent_covered": 0.0, "percent_covered_display": "0.00", "missing_lines": 62, "excluded_lines": 0, "num_branches": 36, "num_partial_branches": 0, "covered_branches": 0, "missing_branches": 36}, "missing_lines": [34, 35, 36, 37, 41, 42, 44, 45, 46, 49, 51, 54, 55, 56, 58, 59, 60, 61, 62, 65, 66, 67, 70, 71, 72, 74, 75, 77, 78, 79, 80, 83, 84, 85, 87, 88, 90, 92, 94, 95, 96, 97, 98, 99, 100, 101, 103, 104, 105, 108, 109, 110, 112, 113, 114, 115, 117, 119, 121, 123, 127, 131], "excluded_lines": [], "executed_branches": [], "missing_branches": [[41, 42], [41, 44], [55, 56], [55, 58], [58, 59], [58, 123], [60, 61], [60, 65], [65, 66], [65, 70], [71, 72], [71, 77], [72, 71], [72, 74], [77, 78], [77, 83], [84, 85], [84, 90], [85, 84], [85, 87], [90, 92], [90, 108], [94, 95], [94, 96], [96, 97], [96, 98], [98, 99], [98, 100], [100, 101], [100, 103], [108, 109], [108, 121], [112, 113], [112, 114], [114, 115], [114, 117]]}, "": {"executed_lines": [], "summary": {"covered_lines": 0, "num_statements": 14, "percent_covered": 0.0, "percent_covered_display": "0.00", "missing_lines": 14, "excluded_lines": 0, "num_branches": 0, "num_partial_branches": 0, "covered_branches": 0, "missing_branches": 0}, "missing_lines": [2, 3, 4, 5, 6, 8, 9, 12, 16, 24, 33, 39, 125, 129], "excluded_lines": [], "executed_branches": [], "missing_branches": []}}}, "src/ui/textual/widgets/message_log.py": {"executed_lines": [], "summary": {"covered_lines": 0, "num_statements": 17, "percent_covered": 0.0, "percent_covered_display": "0.00", "missing_lines": 17, "excluded_lines": 0, "num_branches": 4, "num_partial_branches": 0, "covered_branches": 0, "missing_branches": 4}, "missing_lines": [2, 3, 4, 7, 10, 20, 21, 22, 24, 26, 27, 29, 30, 31, 33, 35, 37], "excluded_lines": [], "executed_branches": [], "missing_branches": [[26, 27], [26, 29], [30, 31], [30, 33]], "functions": {"MessageLog.__init__": {"executed_lines": [], "summary": {"covered_lines": 0, "num_statements": 2, "percent_covered": 0.0, "percent_covered_display": "0.00", "missing_lines": 2, "excluded_lines": 0, "num_branches": 0, "num_partial_branches": 0, "covered_branches": 0, "missing_branches": 0}, "missing_lines": [21, 22], "excluded_lines": [], "executed_branches": [], "missing_branches": []}, "MessageLog.render": {"executed_lines": [], "summary": {"covered_lines": 0, "num_statements": 6, "percent_covered": 0.0, "percent_covered_display": "0.00", "missing_lines": 6, "excluded_lines": 0, "num_branches": 4, "num_partial_branches": 0, "covered_branches": 0, "missing_branches": 4}, "missing_lines": [26, 27, 29, 30, 31, 33], "excluded_lines": [], "executed_branches": [], "missing_branches": [[26, 27], [26, 29], [30, 31], [30, 33]]}, "MessageLog.update_messages": {"executed_lines": [], "summary": {"covered_lines": 0, "num_statements": 1, "percent_covered": 0.0, "percent_covered_display": "0.00", "missing_lines": 1, "excluded_lines": 0, "num_branches": 0, "num_partial_branches": 0, "covered_branches": 0, "missing_branches": 0}, "missing_lines": [37], "excluded_lines": [], "executed_branches": [], "missing_branches": []}, "": {"executed_lines": [], "summary": {"covered_lines": 0, "num_statements": 8, "percent_covered": 0.0, "percent_covered_display": "0.00", "missing_lines": 8, "excluded_lines": 0, "num_branches": 0, "num_partial_branches": 0, "covered_branches": 0, "missing_branches": 0}, "missing_lines": [2, 3, 4, 7, 10, 20, 24, 35], "excluded_lines": [], "executed_branches": [], "missing_branches": []}}, "classes": {"MessageLog": {"executed_lines": [], "summary": {"covered_lines": 0, "num_statements": 9, "percent_covered": 0.0, "percent_covered_display": "0.00", "missing_lines": 9, "excluded_lines": 0, "num_branches": 4, "num_partial_branches": 0, "covered_branches": 0, "missing_branches": 4}, "missing_lines": [21, 22, 26, 27, 29, 30, 31, 33, 37], "excluded_lines": [], "executed_branches": [], "missing_branches": [[26, 27], [26, 29], [30, 31], [30, 33]]}, "": {"executed_lines": [], "summary": {"covered_lines": 0, "num_statements": 8, "percent_covered": 0.0, "percent_covered_display": "0.00", "missing_lines": 8, "excluded_lines": 0, "num_branches": 0, "num_partial_branches": 0, "covered_branches": 0, "missing_branches": 0}, "missing_lines": [2, 3, 4, 7, 10, 20, 24, 35], "excluded_lines": [], "executed_branches": [], "missing_branches": []}}}, "src/ui/textual/widgets/sidebar.py": {"executed_lines": [], "summary": {"covered_lines": 0, "num_statements": 36, "percent_covered": 0.0, "percent_covered_display": "0.00", "missing_lines": 36, "excluded_lines": 1, "num_branches": 4, "num_partial_branches": 0, "covered_branches": 0, "missing_branches": 4}, "missing_lines": [2, 3, 4, 6, 9, 12, 22, 23, 24, 26, 28, 30, 32, 35, 36, 39, 40, 41, 42, 45, 47, 48, 49, 50, 51, 54, 55, 56, 57, 58, 59, 60, 62, 64, 66, 67], "excluded_lines": [33], "executed_branches": [], "missing_branches": [[47, 48], [47, 54], [49, 50], [49, 51]], "functions": {"Sidebar.__init__": {"executed_lines": [], "summary": {"covered_lines": 0, "num_statements": 2, "percent_covered": 0.0, "percent_covered_display": "0.00", "missing_lines": 2, "excluded_lines": 0, "num_branches": 0, "num_partial_branches": 0, "covered_branches": 0, "missing_branches": 0}, "missing_lines": [23, 24], "excluded_lines": [], "executed_branches": [], "missing_branches": []}, "Sidebar.compose": {"executed_lines": [], "summary": {"covered_lines": 0, "num_statements": 1, "percent_covered": 0.0, "percent_covered_display": "0.00", "missing_lines": 1, "excluded_lines": 0, "num_branches": 0, "num_partial_branches": 0, "covered_branches": 0, "missing_branches": 0}, "missing_lines": [28], "excluded_lines": [], "executed_branches": [], "missing_branches": []}, "Sidebar.render_content": {"executed_lines": [], "summary": {"covered_lines": 0, "num_statements": 21, "percent_covered": 0.0, "percent_covered_display": "0.00", "missing_lines": 21, "excluded_lines": 1, "num_branches": 4, "num_partial_branches": 0, "covered_branches": 0, "missing_branches": 4}, "missing_lines": [32, 35, 36, 39, 40, 41, 42, 45, 47, 48, 49, 50, 51, 54, 55, 56, 57, 58, 59, 60, 62], "excluded_lines": [33], "executed_branches": [], "missing_branches": [[47, 48], [47, 54], [49, 50], [49, 51]]}, "Sidebar.update_content": {"executed_lines": [], "summary": {"covered_lines": 0, "num_statements": 2, "percent_covered": 0.0, "percent_covered_display": "0.00", "missing_lines": 2, "excluded_lines": 0, "num_branches": 0, "num_partial_branches": 0, "covered_branches": 0, "missing_branches": 0}, "missing_lines": [66, 67], "excluded_lines": [], "executed_branches": [], "missing_branches": []}, "": {"executed_lines": [], "summary": {"covered_lines": 0, "num_statements": 10, "percent_covered": 0.0, "percent_covered_display": "0.00", "missing_lines": 10, "excluded_lines": 0, "num_branches": 0, "num_partial_branches": 0, "covered_branches": 0, "missing_branches": 0}, "missing_lines": [2, 3, 4, 6, 9, 12, 22, 26, 30, 64], "excluded_lines": [], "executed_branches": [], "missing_branches": []}}, "classes": {"Sidebar": {"executed_lines": [], "summary": {"covered_lines": 0, "num_statements": 26, "percent_covered": 0.0, "percent_covered_display": "0.00", "missing_lines": 26, "excluded_lines": 1, "num_branches": 4, "num_partial_branches": 0, "covered_branches": 0, "missing_branches": 4}, "missing_lines": [23, 24, 28, 32, 35, 36, 39, 40, 41, 42, 45, 47, 48, 49, 50, 51, 54, 55, 56, 57, 58, 59, 60, 62, 66, 67], "excluded_lines": [33], "executed_branches": [], "missing_branches": [[47, 48], [47, 54], [49, 50], [49, 51]]}, "": {"executed_lines": [], "summary": {"covered_lines": 0, "num_statements": 10, "percent_covered": 0.0, "percent_covered_display": "0.00", "missing_lines": 10, "excluded_lines": 0, "num_branches": 0, "num_partial_branches": 0, "covered_branches": 0, "missing_branches": 0}, "missing_lines": [2, 3, 4, 6, 9, 12, 22, 26, 30, 64], "excluded_lines": [], "executed_branches": [], "missing_branches": []}}}, "src/ui/textual/widgets/status_bar.py": {"executed_lines": [], "summary": {"covered_lines": 0, "num_statements": 16, "percent_covered": 0.0, "percent_covered_display": "0.00", "missing_lines": 16, "excluded_lines": 1, "num_branches": 2, "num_partial_branches": 0, "covered_branches": 0, "missing_branches": 2}, "missing_lines": [2, 3, 6, 9, 19, 20, 21, 23, 25, 28, 29, 35, 36, 38, 39, 41], "excluded_lines": [26], "executed_branches": [], "missing_branches": [[35, 36], [35, 38]], "functions": {"StatusBar.__init__": {"executed_lines": [], "summary": {"covered_lines": 0, "num_statements": 2, "percent_covered": 0.0, "percent_covered_display": "0.00", "missing_lines": 2, "excluded_lines": 0, "num_branches": 0, "num_partial_branches": 0, "covered_branches": 0, "missing_branches": 0}, "missing_lines": [20, 21], "excluded_lines": [], "executed_branches": [], "missing_branches": []}, "StatusBar.render": {"executed_lines": [], "summary": {"covered_lines": 0, "num_statements": 8, "percent_covered": 0.0, "percent_covered_display": "0.00", "missing_lines": 8, "excluded_lines": 1, "num_branches": 2, "num_partial_branches": 0, "covered_branches": 0, "missing_branches": 2}, "missing_lines": [25, 28, 29, 35, 36, 38, 39, 41], "excluded_lines": [26], "executed_branches": [], "missing_branches": [[35, 36], [35, 38]]}, "": {"executed_lines": [], "summary": {"covered_lines": 0, "num_statements": 6, "percent_covered": 0.0, "percent_covered_display": "0.00", "missing_lines": 6, "excluded_lines": 0, "num_branches": 0, "num_partial_branches": 0, "covered_branches": 0, "missing_branches": 0}, "missing_lines": [2, 3, 6, 9, 19, 23], "excluded_lines": [], "executed_branches": [], "missing_branches": []}}, "classes": {"StatusBar": {"executed_lines": [], "summary": {"covered_lines": 0, "num_statements": 10, "percent_covered": 0.0, "percent_covered_display": "0.00", "missing_lines": 10, "excluded_lines": 1, "num_branches": 2, "num_partial_branches": 0, "covered_branches": 0, "missing_branches": 2}, "missing_lines": [20, 21, 25, 28, 29, 35, 36, 38, 39, 41], "excluded_lines": [26], "executed_branches": [], "missing_branches": [[35, 36], [35, 38]]}, "": {"executed_lines": [], "summary": {"covered_lines": 0, "num_statements": 6, "percent_covered": 0.0, "percent_covered_display": "0.00", "missing_lines": 6, "excluded_lines": 0, "num_branches": 0, "num_partial_branches": 0, "covered_branches": 0, "missing_branches": 0}, "missing_lines": [2, 3, 6, 9, 19, 23], "excluded_lines": [], "executed_branches": [], "missing_branches": []}}}}, "totals": {"covered_lines": 1886, "num_statements": 2809, "percent_covered": 63.441466854724965, "percent_covered_display": "63.44", "missing_lines": 923, "excluded_lines": 97, "num_branches": 736, "num_partial_branches": 83, "covered_branches": 363, "missing_branches": 373}}