============================= test session starts ==============================
platform linux -- Python 3.10.12, pytest-8.4.2, pluggy-1.6.0 -- /usr/bin/python3
cachedir: .pytest_cache
rootdir: /home/scottsen/src/tia/projects/veinborn
configfile: pytest.ini
plugins: anyio-4.11.0, cov-7.0.0
collecting ... collected 334 items / 2 errors

==================================== ERRORS ====================================
____________ ERROR collecting tests/unit/systems/test_ai_system.py _____________
ImportError while importing test module '/home/scottsen/src/tia/projects/veinborn/tests/unit/systems/test_ai_system.py'.
Hint: make sure your test modules/packages have valid Python names.
Traceback:
../../../../.local/lib/python3.10/site-packages/_pytest/python.py:498: in importtestmodule
    mod = import_path(
../../../../.local/lib/python3.10/site-packages/_pytest/pathlib.py:587: in import_path
    importlib.import_module(module_name)
/usr/lib/python3.10/importlib/__init__.py:126: in import_module
    return _bootstrap._gcd_import(name[level:], package, level)
<frozen importlib._bootstrap>:1050: in _gcd_import
    ???
<frozen importlib._bootstrap>:1027: in _find_and_load
    ???
<frozen importlib._bootstrap>:1006: in _find_and_load_unlocked
    ???
<frozen importlib._bootstrap>:688: in _load_unlocked
    ???
../../../../.local/lib/python3.10/site-packages/_pytest/assertion/rewrite.py:186: in exec_module
    exec(co, module.__dict__)
tests/unit/systems/test_ai_system.py:15: in <module>
    from src.core.entities import Player, Monster, AIState
E   ImportError: cannot import name 'AIState' from 'src.core.entities' (/home/scottsen/src/tia/projects/veinborn/src/core/entities.py)
____________ ERROR collecting tests/unit/test_pathfinding_utils.py _____________
ImportError while importing test module '/home/scottsen/src/tia/projects/veinborn/tests/unit/test_pathfinding_utils.py'.
Hint: make sure your test modules/packages have valid Python names.
Traceback:
../../../../.local/lib/python3.10/site-packages/_pytest/python.py:498: in importtestmodule
    mod = import_path(
../../../../.local/lib/python3.10/site-packages/_pytest/pathlib.py:587: in import_path
    importlib.import_module(module_name)
/usr/lib/python3.10/importlib/__init__.py:126: in import_module
    return _bootstrap._gcd_import(name[level:], package, level)
<frozen importlib._bootstrap>:1050: in _gcd_import
    ???
<frozen importlib._bootstrap>:1027: in _find_and_load
    ???
<frozen importlib._bootstrap>:1006: in _find_and_load_unlocked
    ???
<frozen importlib._bootstrap>:688: in _load_unlocked
    ???
../../../../.local/lib/python3.10/site-packages/_pytest/assertion/rewrite.py:186: in exec_module
    exec(co, module.__dict__)
tests/unit/test_pathfinding_utils.py:10: in <module>
    from core.pathfinding import (
E   ImportError: cannot import name 'get_adjacent_positions' from 'core.pathfinding' (/home/scottsen/src/tia/projects/veinborn/src/core/pathfinding.py)
=========================== short test summary info ============================
ERROR tests/unit/systems/test_ai_system.py
ERROR tests/unit/test_pathfinding_utils.py
!!!!!!!!!!!!!!!!!!! Interrupted: 2 errors during collection !!!!!!!!!!!!!!!!!!!!
============================== 2 errors in 0.29s ===============================
